{
  meta: {
    req: {
      url: '/api/register',
      headers: {
        'user-agent': 'PostmanRuntime/7.35.0',
        accept: '*/*',
        'cache-control': 'no-cache',
        'postman-token': 'cfd891ce-e0fc-4457-9579-bc9713b336b6',
        host: 'localhost:3000',
        'accept-encoding': 'gzip, deflate, br',
        connection: 'keep-alive',
        'content-type': 'application/x-www-form-urlencoded',
        'content-length': '74'
      },
      method: 'POST',
      httpVersion: '1.1',
      originalUrl: '/api/register',
      query: {}
    },
    res: { statusCode: 200 },
    responseTime: 5
  },
  level: 'info',
  message: 'HTTP POST /api/register',
  timestamp: '2024-02-10T14:04:41.950Z'
}
{
  meta: {
    req: {
      url: '/api/register',
      headers: {
        'user-agent': 'PostmanRuntime/7.35.0',
        accept: '*/*',
        'cache-control': 'no-cache',
        'postman-token': 'e23613e4-7da1-46e8-ad52-8e4a3228d3be',
        host: 'localhost:3000',
        'accept-encoding': 'gzip, deflate, br',
        connection: 'keep-alive',
        'content-type': 'application/x-www-form-urlencoded',
        'content-length': '74'
      },
      method: 'POST',
      httpVersion: '1.1',
      originalUrl: '/api/register',
      query: {}
    },
    res: { statusCode: 200 },
    responseTime: 1
  },
  level: 'info',
  message: 'HTTP POST /api/register',
  timestamp: '2024-02-10T14:05:25.325Z'
}
{
  meta: {
    req: {
      url: '/api/register',
      headers: {
        'user-agent': 'PostmanRuntime/7.35.0',
        accept: '*/*',
        'cache-control': 'no-cache',
        'postman-token': 'c048a376-2141-4c03-afb9-1e8ff0b4ef5b',
        host: 'localhost:3000',
        'accept-encoding': 'gzip, deflate, br',
        connection: 'keep-alive',
        'content-type': 'application/x-www-form-urlencoded',
        'content-length': '74'
      },
      method: 'POST',
      httpVersion: '1.1',
      originalUrl: '/api/register',
      query: {}
    },
    res: { statusCode: 200 },
    responseTime: 2
  },
  level: 'info',
  message: 'HTTP POST /api/register',
  timestamp: '2024-02-10T14:07:46.993Z'
}
{
  meta: {
    req: {
      url: '/api/register',
      headers: {
        'user-agent': 'PostmanRuntime/7.35.0',
        accept: '*/*',
        'cache-control': 'no-cache',
        'postman-token': 'a45eddea-e92d-40b3-9eda-1aecabb431ac',
        host: 'localhost:3000',
        'accept-encoding': 'gzip, deflate, br',
        connection: 'keep-alive',
        'content-type': 'application/x-www-form-urlencoded',
        'content-length': '77'
      },
      method: 'POST',
      httpVersion: '1.1',
      originalUrl: '/api/register',
      query: {}
    },
    res: { statusCode: 200 },
    responseTime: 93
  },
  level: 'info',
  message: 'HTTP POST /api/register',
  timestamp: '2024-02-10T14:07:57.627Z'
}
{
  meta: {
    req: {
      url: '/api/register',
      headers: {
        'user-agent': 'PostmanRuntime/7.35.0',
        accept: '*/*',
        'cache-control': 'no-cache',
        'postman-token': '35003a85-0058-4f9d-80ac-15908a9e3919',
        host: 'localhost:3000',
        'accept-encoding': 'gzip, deflate, br',
        connection: 'keep-alive',
        'content-type': 'application/x-www-form-urlencoded',
        'content-length': '77'
      },
      method: 'POST',
      httpVersion: '1.1',
      originalUrl: '/api/register',
      query: {}
    },
    res: { statusCode: 200 },
    responseTime: 91
  },
  level: 'info',
  message: 'HTTP POST /api/register',
  timestamp: '2024-02-10T14:09:26.336Z'
}
{
  meta: {
    req: {
      url: '/api/register',
      headers: {
        'user-agent': 'PostmanRuntime/7.35.0',
        accept: '*/*',
        'cache-control': 'no-cache',
        'postman-token': '3365c165-be2f-4151-ac3e-92bbe6d05d5a',
        host: 'localhost:3000',
        'accept-encoding': 'gzip, deflate, br',
        connection: 'keep-alive',
        'content-type': 'application/x-www-form-urlencoded',
        'content-length': '77'
      },
      method: 'POST',
      httpVersion: '1.1',
      originalUrl: '/api/register',
      query: {}
    },
    res: { statusCode: 200 },
    responseTime: 97
  },
  level: 'info',
  message: 'HTTP POST /api/register',
  timestamp: '2024-02-10T14:10:30.939Z'
}
{
  meta: {
    req: {
      url: '/api/register',
      headers: {
        'user-agent': 'PostmanRuntime/7.35.0',
        accept: '*/*',
        'cache-control': 'no-cache',
        'postman-token': '144f35fd-eae2-4e03-acfb-589de149d389',
        host: 'localhost:3000',
        'accept-encoding': 'gzip, deflate, br',
        connection: 'keep-alive',
        'content-type': 'application/x-www-form-urlencoded',
        'content-length': '77'
      },
      method: 'POST',
      httpVersion: '1.1',
      originalUrl: '/api/register',
      query: {}
    },
    res: { statusCode: 200 },
    responseTime: 98
  },
  level: 'info',
  message: 'HTTP POST /api/register',
  timestamp: '2024-02-10T14:10:48.287Z'
}
{
  meta: {
    req: {
      url: '/api/register',
      headers: {
        'user-agent': 'PostmanRuntime/7.35.0',
        accept: '*/*',
        'cache-control': 'no-cache',
        'postman-token': '89e670bc-cf3e-4c3c-b9cd-bffc46d9ef31',
        host: 'localhost:3000',
        'accept-encoding': 'gzip, deflate, br',
        connection: 'keep-alive',
        'content-type': 'application/x-www-form-urlencoded',
        'content-length': '77'
      },
      method: 'POST',
      httpVersion: '1.1',
      originalUrl: '/api/register',
      query: {}
    },
    res: { statusCode: 200 },
    responseTime: 93
  },
  level: 'info',
  message: 'HTTP POST /api/register',
  timestamp: '2024-02-10T14:33:07.857Z'
}
{
  meta: {
    req: {
      url: '/api/register',
      headers: {
        'user-agent': 'PostmanRuntime/7.35.0',
        accept: '*/*',
        'cache-control': 'no-cache',
        'postman-token': 'e50bc43b-e27f-48ac-9808-f5bfffcac5b7',
        host: 'localhost:3000',
        'accept-encoding': 'gzip, deflate, br',
        connection: 'keep-alive',
        'content-type': 'application/x-www-form-urlencoded',
        'content-length': '77'
      },
      method: 'POST',
      httpVersion: '1.1',
      originalUrl: '/api/register',
      query: {}
    },
    res: { statusCode: 200 },
    responseTime: 100
  },
  level: 'info',
  message: 'HTTP POST /api/register',
  timestamp: '2024-02-10T14:34:21.170Z'
}
{
  meta: {
    req: {
      url: '/api/register',
      headers: {
        'user-agent': 'PostmanRuntime/7.35.0',
        accept: '*/*',
        'cache-control': 'no-cache',
        'postman-token': 'bc9dc448-e312-4f86-827a-143f635ba3e0',
        host: 'localhost:3000',
        'accept-encoding': 'gzip, deflate, br',
        connection: 'keep-alive',
        'content-type': 'application/x-www-form-urlencoded',
        'content-length': '77'
      },
      method: 'POST',
      httpVersion: '1.1',
      originalUrl: '/api/register',
      query: {}
    },
    res: { statusCode: 200 },
    responseTime: 100
  },
  level: 'info',
  message: 'HTTP POST /api/register',
  timestamp: '2024-02-10T14:35:24.213Z'
}
{
  meta: {
    req: {
      url: '/api/register',
      headers: {
        'user-agent': 'PostmanRuntime/7.35.0',
        accept: '*/*',
        'cache-control': 'no-cache',
        'postman-token': '621474ed-649b-4072-a7f6-568aff09f6fe',
        host: 'localhost:3000',
        'accept-encoding': 'gzip, deflate, br',
        connection: 'keep-alive',
        'content-type': 'application/x-www-form-urlencoded',
        'content-length': '77'
      },
      method: 'POST',
      httpVersion: '1.1',
      originalUrl: '/api/register',
      query: {}
    },
    res: { statusCode: 200 },
    responseTime: 95
  },
  level: 'info',
  message: 'HTTP POST /api/register',
  timestamp: '2024-02-10T14:36:23.175Z'
}
{
  meta: {
    req: {
      url: '/api/register',
      headers: {
        'user-agent': 'PostmanRuntime/7.35.0',
        accept: '*/*',
        'cache-control': 'no-cache',
        'postman-token': '3b90e154-90aa-4ee9-aa5e-af27cfc0a398',
        host: 'localhost:3000',
        'accept-encoding': 'gzip, deflate, br',
        connection: 'keep-alive',
        'content-type': 'application/x-www-form-urlencoded',
        'content-length': '77'
      },
      method: 'POST',
      httpVersion: '1.1',
      originalUrl: '/api/register',
      query: {}
    },
    res: { statusCode: 200 },
    responseTime: 94
  },
  level: 'info',
  message: 'HTTP POST /api/register',
  timestamp: '2024-02-10T14:38:09.188Z'
}
{
  meta: {
    req: {
      url: '/api/register',
      headers: {
        'user-agent': 'PostmanRuntime/7.35.0',
        accept: '*/*',
        'cache-control': 'no-cache',
        'postman-token': 'ccc3b463-50ee-4ad1-8829-a0895792602f',
        host: 'localhost:3000',
        'accept-encoding': 'gzip, deflate, br',
        connection: 'keep-alive',
        'content-type': 'application/x-www-form-urlencoded',
        'content-length': '77'
      },
      method: 'POST',
      httpVersion: '1.1',
      originalUrl: '/api/register',
      query: {}
    },
    res: { statusCode: 200 },
    responseTime: 97
  },
  level: 'info',
  message: 'HTTP POST /api/register',
  timestamp: '2024-02-10T14:39:11.785Z'
}
{
  meta: {
    req: {
      url: '/api/register',
      headers: {
        'user-agent': 'PostmanRuntime/7.35.0',
        accept: '*/*',
        'cache-control': 'no-cache',
        'postman-token': '69098351-3b0c-4409-99b8-9eeecb99bfd9',
        host: 'localhost:3000',
        'accept-encoding': 'gzip, deflate, br',
        connection: 'keep-alive',
        'content-type': 'application/x-www-form-urlencoded',
        'content-length': '77'
      },
      method: 'POST',
      httpVersion: '1.1',
      originalUrl: '/api/register',
      query: {}
    },
    res: { statusCode: 200 },
    responseTime: 95
  },
  level: 'info',
  message: 'HTTP POST /api/register',
  timestamp: '2024-02-10T14:40:12.806Z'
}
{
  meta: {
    req: {
      url: '/api/register',
      headers: {
        'user-agent': 'PostmanRuntime/7.35.0',
        accept: '*/*',
        'cache-control': 'no-cache',
        'postman-token': 'a8df85d5-852b-4bab-a238-f9ffd0600a71',
        host: 'localhost:3000',
        'accept-encoding': 'gzip, deflate, br',
        connection: 'keep-alive',
        'content-type': 'application/x-www-form-urlencoded',
        'content-length': '77'
      },
      method: 'POST',
      httpVersion: '1.1',
      originalUrl: '/api/register',
      query: {}
    },
    res: { statusCode: 200 },
    responseTime: 95
  },
  level: 'info',
  message: 'HTTP POST /api/register',
  timestamp: '2024-02-10T14:40:33.328Z'
}
{
  meta: {
    req: {
      url: '/api/register',
      headers: {
        'user-agent': 'PostmanRuntime/7.35.0',
        accept: '*/*',
        'cache-control': 'no-cache',
        'postman-token': 'ca219499-39ba-4b7e-8054-b5865e861f6f',
        host: 'localhost:3000',
        'accept-encoding': 'gzip, deflate, br',
        connection: 'keep-alive',
        'content-type': 'application/x-www-form-urlencoded',
        'content-length': '77'
      },
      method: 'POST',
      httpVersion: '1.1',
      originalUrl: '/api/register',
      query: {}
    },
    res: { statusCode: 200 },
    responseTime: 76
  },
  level: 'info',
  message: 'HTTP POST /api/register',
  timestamp: '2024-02-10T14:53:13.475Z'
}
{
  meta: {
    req: {
      url: '/api/register',
      headers: {
        'user-agent': 'PostmanRuntime/7.35.0',
        accept: '*/*',
        'cache-control': 'no-cache',
        'postman-token': '8dd7677e-5466-4924-b74e-f8b9e39b765b',
        host: 'localhost:3000',
        'accept-encoding': 'gzip, deflate, br',
        connection: 'keep-alive',
        'content-type': 'application/x-www-form-urlencoded',
        'content-length': '77'
      },
      method: 'POST',
      httpVersion: '1.1',
      originalUrl: '/api/register',
      query: {}
    },
    res: { statusCode: 200 },
    responseTime: 83
  },
  level: 'info',
  message: 'HTTP POST /api/register',
  timestamp: '2024-02-10T14:54:01.797Z'
}
{
  meta: {
    req: {
      url: '/api/register',
      headers: {
        'user-agent': 'PostmanRuntime/7.35.0',
        accept: '*/*',
        'cache-control': 'no-cache',
        'postman-token': '3c2159e7-6e05-45b3-a116-14a398f92e49',
        host: 'localhost:3000',
        'accept-encoding': 'gzip, deflate, br',
        connection: 'keep-alive',
        'content-type': 'application/x-www-form-urlencoded',
        'content-length': '77'
      },
      method: 'POST',
      httpVersion: '1.1',
      originalUrl: '/api/register',
      query: {}
    },
    res: { statusCode: 200 },
    responseTime: 70
  },
  level: 'info',
  message: 'HTTP POST /api/register',
  timestamp: '2024-02-10T15:05:11.270Z'
}
{
  meta: {
    req: {
      url: '/api/register',
      headers: {
        'user-agent': 'PostmanRuntime/7.35.0',
        accept: '*/*',
        'cache-control': 'no-cache',
        'postman-token': 'fb19a931-5150-4f14-9282-a960e4ebff2f',
        host: 'localhost:3000',
        'accept-encoding': 'gzip, deflate, br',
        connection: 'keep-alive',
        'content-type': 'application/x-www-form-urlencoded',
        'content-length': '77'
      },
      method: 'POST',
      httpVersion: '1.1',
      originalUrl: '/api/register',
      query: {}
    },
    res: { statusCode: 200 },
    responseTime: 79
  },
  level: 'info',
  message: 'HTTP POST /api/register',
  timestamp: '2024-02-10T15:06:19.614Z'
}
{
  meta: {
    req: {
      url: '/api/register',
      headers: {
        'user-agent': 'PostmanRuntime/7.35.0',
        accept: '*/*',
        'cache-control': 'no-cache',
        'postman-token': 'c18af803-25d6-49d3-8de9-993942bf3dd3',
        host: 'localhost:3000',
        'accept-encoding': 'gzip, deflate, br',
        connection: 'keep-alive',
        'content-type': 'application/x-www-form-urlencoded',
        'content-length': '77'
      },
      method: 'POST',
      httpVersion: '1.1',
      originalUrl: '/api/register',
      query: {}
    },
    res: { statusCode: 200 },
    responseTime: 86
  },
  level: 'info',
  message: 'HTTP POST /api/register',
  timestamp: '2024-02-10T15:08:00.725Z'
}
{
  meta: {
    req: {
      url: '/api/register',
      headers: {
        'user-agent': 'PostmanRuntime/7.35.0',
        accept: '*/*',
        'cache-control': 'no-cache',
        'postman-token': 'a95ab734-7dc3-4d73-87a6-5a1917f68160',
        host: 'localhost:3000',
        'accept-encoding': 'gzip, deflate, br',
        connection: 'keep-alive',
        'content-type': 'application/x-www-form-urlencoded',
        'content-length': '77'
      },
      method: 'POST',
      httpVersion: '1.1',
      originalUrl: '/api/register',
      query: {}
    },
    res: { statusCode: 200 },
    responseTime: 98
  },
  level: 'info',
  message: 'HTTP POST /api/register',
  timestamp: '2024-02-10T15:08:49.828Z'
}
{
  meta: {
    req: {
      url: '/api/register',
      headers: {
        'user-agent': 'PostmanRuntime/7.35.0',
        accept: '*/*',
        'cache-control': 'no-cache',
        'postman-token': '44837ff7-f4fd-4a2a-9c79-7897499831c1',
        host: 'localhost:3000',
        'accept-encoding': 'gzip, deflate, br',
        connection: 'keep-alive',
        'content-type': 'application/x-www-form-urlencoded',
        'content-length': '77'
      },
      method: 'POST',
      httpVersion: '1.1',
      originalUrl: '/api/register',
      query: {}
    },
    res: { statusCode: 200 },
    responseTime: 80
  },
  level: 'info',
  message: 'HTTP POST /api/register',
  timestamp: '2024-02-10T15:11:23.036Z'
}
{
  meta: {
    req: {
      url: '/api/register',
      headers: {
        'user-agent': 'PostmanRuntime/7.35.0',
        accept: '*/*',
        'cache-control': 'no-cache',
        'postman-token': 'a338a55b-1964-455f-86a4-d493eb346c02',
        host: 'localhost:3000',
        'accept-encoding': 'gzip, deflate, br',
        connection: 'keep-alive',
        'content-type': 'application/x-www-form-urlencoded',
        'content-length': '77'
      },
      method: 'POST',
      httpVersion: '1.1',
      originalUrl: '/api/register',
      query: {}
    },
    res: { statusCode: 200 },
    responseTime: 79
  },
  level: 'info',
  message: 'HTTP POST /api/register',
  timestamp: '2024-02-10T15:12:08.914Z'
}
{
  meta: {
    req: {
      url: '/api/register',
      headers: {
        'user-agent': 'PostmanRuntime/7.35.0',
        accept: '*/*',
        'cache-control': 'no-cache',
        'postman-token': 'cfbf6b4d-79ac-4924-8e85-6148f3fe94b9',
        host: 'localhost:3000',
        'accept-encoding': 'gzip, deflate, br',
        connection: 'keep-alive',
        'content-type': 'application/x-www-form-urlencoded',
        'content-length': '77'
      },
      method: 'POST',
      httpVersion: '1.1',
      originalUrl: '/api/register',
      query: {}
    },
    res: { statusCode: 200 },
    responseTime: 72
  },
  level: 'info',
  message: 'HTTP POST /api/register',
  timestamp: '2024-02-10T15:14:11.453Z'
}
{
  meta: {
    req: {
      url: '/api/register',
      headers: {
        'user-agent': 'PostmanRuntime/7.35.0',
        accept: '*/*',
        'cache-control': 'no-cache',
        'postman-token': 'd02d812f-8e55-41cb-a694-7f80df53a2f6',
        host: 'localhost:3000',
        'accept-encoding': 'gzip, deflate, br',
        connection: 'keep-alive',
        'content-type': 'application/x-www-form-urlencoded',
        'content-length': '77'
      },
      method: 'POST',
      httpVersion: '1.1',
      originalUrl: '/api/register',
      query: {}
    },
    res: { statusCode: 200 },
    responseTime: 86
  },
  level: 'info',
  message: 'HTTP POST /api/register',
  timestamp: '2024-02-10T15:15:40.564Z'
}
{
  meta: {
    req: {
      url: '/api/register',
      headers: {
        'user-agent': 'PostmanRuntime/7.35.0',
        accept: '*/*',
        'cache-control': 'no-cache',
        'postman-token': '3dd55343-45c7-4461-9456-81531c757e26',
        host: 'localhost:3000',
        'accept-encoding': 'gzip, deflate, br',
        connection: 'keep-alive',
        'content-type': 'application/x-www-form-urlencoded',
        'content-length': '77'
      },
      method: 'POST',
      httpVersion: '1.1',
      originalUrl: '/api/register',
      query: {}
    },
    res: { statusCode: 200 },
    responseTime: 79
  },
  level: 'info',
  message: 'HTTP POST /api/register',
  timestamp: '2024-02-10T15:19:42.843Z'
}
{
  meta: {
    req: {
      url: '/api/register',
      headers: {
        'user-agent': 'PostmanRuntime/7.35.0',
        accept: '*/*',
        'cache-control': 'no-cache',
        'postman-token': '083e3b3e-17a3-44bd-b6df-e23c8dfe682c',
        host: 'localhost:3000',
        'accept-encoding': 'gzip, deflate, br',
        connection: 'keep-alive',
        'content-type': 'application/x-www-form-urlencoded',
        'content-length': '77'
      },
      method: 'POST',
      httpVersion: '1.1',
      originalUrl: '/api/register',
      query: {}
    },
    res: { statusCode: 200 },
    responseTime: 71
  },
  level: 'info',
  message: 'HTTP POST /api/register',
  timestamp: '2024-02-10T15:20:14.010Z'
}
{
  meta: {
    req: {
      url: '/api/register',
      headers: {
        'user-agent': 'PostmanRuntime/7.35.0',
        accept: '*/*',
        'cache-control': 'no-cache',
        'postman-token': '7f50952d-099e-4823-8d04-08980ab7592e',
        host: 'localhost:3000',
        'accept-encoding': 'gzip, deflate, br',
        connection: 'keep-alive',
        'content-type': 'application/x-www-form-urlencoded',
        'content-length': '77'
      },
      method: 'POST',
      httpVersion: '1.1',
      originalUrl: '/api/register',
      query: {}
    },
    res: { statusCode: 200 },
    responseTime: 100
  },
  level: 'info',
  message: 'HTTP POST /api/register',
  timestamp: '2024-02-10T15:20:36.531Z'
}
{
  meta: {
    req: {
      url: '/api/register',
      headers: {
        'user-agent': 'PostmanRuntime/7.35.0',
        accept: '*/*',
        'cache-control': 'no-cache',
        'postman-token': '34efb69f-4b29-4844-9071-f97dd47530e5',
        host: 'localhost:3000',
        'accept-encoding': 'gzip, deflate, br',
        connection: 'keep-alive',
        'content-type': 'application/x-www-form-urlencoded',
        'content-length': '77'
      },
      method: 'POST',
      httpVersion: '1.1',
      originalUrl: '/api/register',
      query: {}
    },
    res: { statusCode: 200 },
    responseTime: 88
  },
  level: 'info',
  message: 'HTTP POST /api/register',
  timestamp: '2024-02-10T15:22:14.939Z'
}
{
  meta: {
    req: {
      url: '/api/register',
      headers: {
        'user-agent': 'PostmanRuntime/7.35.0',
        accept: '*/*',
        'cache-control': 'no-cache',
        'postman-token': '428fb2a3-4ddb-4b53-94a3-39842ef2e30b',
        host: 'localhost:3000',
        'accept-encoding': 'gzip, deflate, br',
        connection: 'keep-alive',
        'content-type': 'application/x-www-form-urlencoded',
        'content-length': '77'
      },
      method: 'POST',
      httpVersion: '1.1',
      originalUrl: '/api/register',
      query: {}
    },
    res: { statusCode: 200 },
    responseTime: 91
  },
  level: 'info',
  message: 'HTTP POST /api/register',
  timestamp: '2024-02-10T15:22:55.650Z'
}
{
  meta: {
    req: {
      url: '/api/register',
      headers: {
        'user-agent': 'PostmanRuntime/7.35.0',
        accept: '*/*',
        'cache-control': 'no-cache',
        'postman-token': 'dc3be958-51a4-470c-b015-cc6acdfe4b0d',
        host: 'localhost:3000',
        'accept-encoding': 'gzip, deflate, br',
        connection: 'keep-alive',
        'content-type': 'application/x-www-form-urlencoded',
        'content-length': '77'
      },
      method: 'POST',
      httpVersion: '1.1',
      originalUrl: '/api/register',
      query: {}
    },
    res: { statusCode: 200 },
    responseTime: 74
  },
  level: 'info',
  message: 'HTTP POST /api/register',
  timestamp: '2024-02-10T15:23:08.188Z'
}
{
  meta: {
    req: {
      url: '/api/register',
      headers: {
        'user-agent': 'PostmanRuntime/7.35.0',
        accept: '*/*',
        'cache-control': 'no-cache',
        'postman-token': 'db0d3eda-58df-42bd-96ab-c1628272f497',
        host: 'localhost:3000',
        'accept-encoding': 'gzip, deflate, br',
        connection: 'keep-alive',
        'content-type': 'application/x-www-form-urlencoded',
        'content-length': '77'
      },
      method: 'POST',
      httpVersion: '1.1',
      originalUrl: '/api/register',
      query: {}
    },
    res: { statusCode: 200 },
    responseTime: 82
  },
  level: 'info',
  message: 'HTTP POST /api/register',
  timestamp: '2024-02-10T15:26:18.595Z'
}
{
  meta: {
    req: {
      url: '/api/login',
      headers: {
        'user-agent': 'PostmanRuntime/7.35.0',
        accept: '*/*',
        'cache-control': 'no-cache',
        'postman-token': 'd0efde38-4193-4c9c-b43c-3ee30b9421d2',
        host: 'localhost:3000',
        'accept-encoding': 'gzip, deflate, br',
        connection: 'keep-alive',
        'content-type': 'multipart/form-data; boundary=--------------------------250305194516535504530856',
        'content-length': '294'
      },
      method: 'POST',
      httpVersion: '1.1',
      originalUrl: '/api/login',
      query: {}
    },
    res: { statusCode: 404 },
    responseTime: 2
  },
  level: 'warn',
  message: 'HTTP POST /api/login',
  timestamp: '2024-02-10T15:27:35.329Z'
}
{
  meta: {
    req: {
      url: '/api/login',
      headers: {
        'user-agent': 'PostmanRuntime/7.35.0',
        accept: '*/*',
        'cache-control': 'no-cache',
        'postman-token': 'b3ad280d-0a3f-496d-b2be-b23be7cb2ca4',
        host: 'localhost:3000',
        'accept-encoding': 'gzip, deflate, br',
        connection: 'keep-alive',
        'content-type': 'multipart/form-data; boundary=--------------------------142866984362874588974483',
        'content-length': '294'
      },
      method: 'POST',
      httpVersion: '1.1',
      originalUrl: '/api/login',
      query: {}
    },
    res: { statusCode: 404 },
    responseTime: 1
  },
  level: 'warn',
  message: 'HTTP POST /api/login',
  timestamp: '2024-02-10T15:27:58.368Z'
}
{
  meta: {
    req: {
      url: '/api/login',
      headers: {
        'user-agent': 'PostmanRuntime/7.35.0',
        accept: '*/*',
        'cache-control': 'no-cache',
        'postman-token': '56be5fb1-1c4b-46c1-80a7-f472f49d2913',
        host: 'localhost:3000',
        'accept-encoding': 'gzip, deflate, br',
        connection: 'keep-alive',
        'content-type': 'multipart/form-data; boundary=--------------------------209185133733630395442348',
        'content-length': '294'
      },
      method: 'POST',
      httpVersion: '1.1',
      originalUrl: '/api/login',
      query: {}
    },
    res: { statusCode: 404 },
    responseTime: 8
  },
  level: 'warn',
  message: 'HTTP POST /api/login',
  timestamp: '2024-02-10T15:27:59.488Z'
}
{
  meta: {
    req: {
      url: '/api/login',
      headers: {
        'user-agent': 'PostmanRuntime/7.35.0',
        accept: '*/*',
        'cache-control': 'no-cache',
        'postman-token': '13faff52-9278-478f-aec8-b179b13181f8',
        host: 'localhost:3000',
        'accept-encoding': 'gzip, deflate, br',
        connection: 'keep-alive',
        'content-length': '0'
      },
      method: 'POST',
      httpVersion: '1.1',
      originalUrl: '/api/login',
      query: {}
    },
    res: { statusCode: 404 },
    responseTime: 2
  },
  level: 'warn',
  message: 'HTTP POST /api/login',
  timestamp: '2024-02-10T15:28:03.976Z'
}
{
  meta: {
    req: {
      url: '/api/login',
      headers: {
        'user-agent': 'PostmanRuntime/7.35.0',
        accept: '*/*',
        'cache-control': 'no-cache',
        'postman-token': '9b012a9a-e016-494f-b00b-dbe642dbc746',
        host: 'localhost:3000',
        'accept-encoding': 'gzip, deflate, br',
        connection: 'keep-alive',
        'content-length': '0'
      },
      method: 'POST',
      httpVersion: '1.1',
      originalUrl: '/api/login',
      query: {}
    },
    res: { statusCode: 200 },
    responseTime: 10
  },
  level: 'info',
  message: 'HTTP POST /api/login',
  timestamp: '2024-02-10T15:28:21.805Z'
}
{
  meta: {
    req: {
      url: '/api/login',
      headers: {
        'user-agent': 'PostmanRuntime/7.35.0',
        accept: '*/*',
        'cache-control': 'no-cache',
        'postman-token': 'c9ed2b38-1c91-4fcc-9f57-47fd4b2b1ec9',
        host: 'localhost:3000',
        'accept-encoding': 'gzip, deflate, br',
        connection: 'keep-alive',
        'content-type': 'multipart/form-data; boundary=--------------------------405171525696026148718342',
        'content-length': '294'
      },
      method: 'POST',
      httpVersion: '1.1',
      originalUrl: '/api/login',
      query: {}
    },
    res: { statusCode: 200 },
    responseTime: 3
  },
  level: 'info',
  message: 'HTTP POST /api/login',
  timestamp: '2024-02-10T15:28:26.102Z'
}
{
  meta: {
    req: {
      url: '/api/login',
      headers: {
        'user-agent': 'PostmanRuntime/7.35.0',
        accept: '*/*',
        'cache-control': 'no-cache',
        'postman-token': 'f3b3e51a-0d73-42f7-8bdb-12766c7c38ea',
        host: 'localhost:3000',
        'accept-encoding': 'gzip, deflate, br',
        connection: 'keep-alive',
        'content-type': 'application/x-www-form-urlencoded',
        'content-length': '45'
      },
      method: 'POST',
      httpVersion: '1.1',
      originalUrl: '/api/login',
      query: {}
    },
    res: { statusCode: 200 },
    responseTime: 23
  },
  level: 'info',
  message: 'HTTP POST /api/login',
  timestamp: '2024-02-10T15:28:36.816Z'
}
{
  meta: {
    req: {
      url: '/api/login',
      headers: {
        'user-agent': 'PostmanRuntime/7.35.0',
        accept: '*/*',
        'cache-control': 'no-cache',
        'postman-token': '5590f293-3e5b-47e3-8862-2afa82ad3bf8',
        host: 'localhost:3000',
        'accept-encoding': 'gzip, deflate, br',
        connection: 'keep-alive',
        'content-type': 'application/x-www-form-urlencoded',
        'content-length': '45'
      },
      method: 'POST',
      httpVersion: '1.1',
      originalUrl: '/api/login',
      query: {}
    },
    res: { statusCode: 200 },
    responseTime: 14
  },
  level: 'info',
  message: 'HTTP POST /api/login',
  timestamp: '2024-02-10T15:31:20.643Z'
}
{
  meta: {
    req: {
      url: '/api/login',
      headers: {
        'user-agent': 'PostmanRuntime/7.35.0',
        accept: '*/*',
        'cache-control': 'no-cache',
        'postman-token': 'b8d9930e-c2f9-4fc7-bc38-86daebca0542',
        host: 'localhost:3000',
        'accept-encoding': 'gzip, deflate, br',
        connection: 'keep-alive',
        'content-type': 'application/x-www-form-urlencoded',
        'content-length': '45'
      },
      method: 'POST',
      httpVersion: '1.1',
      originalUrl: '/api/login',
      query: {}
    },
    res: { statusCode: 200 },
    responseTime: 20
  },
  level: 'info',
  message: 'HTTP POST /api/login',
  timestamp: '2024-02-10T15:31:52.107Z'
}
{
  meta: {
    req: {
      url: '/api/login',
      headers: {
        'user-agent': 'PostmanRuntime/7.35.0',
        accept: '*/*',
        'cache-control': 'no-cache',
        'postman-token': 'f1baadf3-2cb8-4905-a72c-534bdaa8ab5a',
        host: 'localhost:3000',
        'accept-encoding': 'gzip, deflate, br',
        connection: 'keep-alive',
        'content-type': 'application/x-www-form-urlencoded',
        'content-length': '45'
      },
      method: 'POST',
      httpVersion: '1.1',
      originalUrl: '/api/login',
      query: {}
    },
    res: { statusCode: 200 },
    responseTime: 93
  },
  level: 'info',
  message: 'HTTP POST /api/login',
  timestamp: '2024-02-10T15:31:59.615Z'
}
{
  meta: {
    req: {
      url: '/api/profile',
      headers: {
        authorization: 'Bearer eyJhbGciOiJIUzI1NiIsInR5cCI6IkpXVCJ9.eyJ1c2VyVVVJRCI6IjcwZDhhNDk4LWQwMjQtNGEwZS04MzhjLTJhZTk1NGMyYmZlNiIsInVzZXJFbWFpbCI6ImpvaG5kb2VAZXhhbXBsZS5jb20iLCJpYXQiOjE3MDc1NzkxMTksImV4cCI6MTcwNzU4MDMxOX0.czJdl9xVCHYIuXT15-OYn9Vyjtf2VyRk6u3XwlB5g80',
        'user-agent': 'PostmanRuntime/7.35.0',
        accept: '*/*',
        'cache-control': 'no-cache',
        'postman-token': '76e3e5e3-e60d-4fa2-9033-a9a541d8f0d3',
        host: 'localhost:3000',
        'accept-encoding': 'gzip, deflate, br',
        connection: 'keep-alive',
        cookie: 'refreshToken=eyJhbGciOiJIUzI1NiIsInR5cCI6IkpXVCJ9.eyJ1c2VyVVVJRCI6IjcwZDhhNDk4LWQwMjQtNGEwZS04MzhjLTJhZTk1NGMyYmZlNiIsInVzZXJFbWFpbCI6ImpvaG5kb2VAZXhhbXBsZS5jb20iLCJpYXQiOjE3MDc1NzkxMTksImV4cCI6MTcxOTY3NTExOX0._Um7bQbvNlZlUZ60FbpP8vgw23K0ewEHTgDVPBo02Tg'
      },
      method: 'GET',
      httpVersion: '1.1',
      originalUrl: '/api/profile',
      query: {}
    },
    res: { statusCode: 404 },
    responseTime: 4
  },
  level: 'warn',
  message: 'HTTP GET /api/profile',
  timestamp: '2024-02-10T15:33:58.407Z'
}
{
  meta: {
    req: {
      url: '/api/profile',
      headers: {
        authorization: 'Bearer eyJhbGciOiJIUzI1NiIsInR5cCI6IkpXVCJ9.eyJ1c2VyVVVJRCI6IjcwZDhhNDk4LWQwMjQtNGEwZS04MzhjLTJhZTk1NGMyYmZlNiIsInVzZXJFbWFpbCI6ImpvaG5kb2VAZXhhbXBsZS5jb20iLCJpYXQiOjE3MDc1NzkxMTksImV4cCI6MTcwNzU4MDMxOX0.czJdl9xVCHYIuXT15-OYn9Vyjtf2VyRk6u3XwlB5g80',
        'user-agent': 'PostmanRuntime/7.35.0',
        accept: '*/*',
        'cache-control': 'no-cache',
        'postman-token': '875bfd86-d98e-453c-b055-5e8bc7c24260',
        host: 'localhost:3000',
        'accept-encoding': 'gzip, deflate, br',
        connection: 'keep-alive',
        cookie: 'refreshToken=eyJhbGciOiJIUzI1NiIsInR5cCI6IkpXVCJ9.eyJ1c2VyVVVJRCI6IjcwZDhhNDk4LWQwMjQtNGEwZS04MzhjLTJhZTk1NGMyYmZlNiIsInVzZXJFbWFpbCI6ImpvaG5kb2VAZXhhbXBsZS5jb20iLCJpYXQiOjE3MDc1NzkxMTksImV4cCI6MTcxOTY3NTExOX0._Um7bQbvNlZlUZ60FbpP8vgw23K0ewEHTgDVPBo02Tg'
      },
      method: 'GET',
      httpVersion: '1.1',
      originalUrl: '/api/profile',
      query: {}
    },
    res: { statusCode: 200 },
    responseTime: 2
  },
  level: 'info',
  message: 'HTTP GET /api/profile',
  timestamp: '2024-02-10T15:34:56.955Z'
}
{
  meta: {
    req: {
      url: '/api/login',
      headers: {
        'user-agent': 'PostmanRuntime/7.35.0',
        accept: '*/*',
        'cache-control': 'no-cache',
        'postman-token': '9ed0fceb-8809-4366-bc1b-fc2720370a23',
        host: 'localhost:3000',
        'accept-encoding': 'gzip, deflate, br',
        connection: 'keep-alive',
        'content-type': 'application/x-www-form-urlencoded',
        'content-length': '45',
        cookie: 'refreshToken=eyJhbGciOiJIUzI1NiIsInR5cCI6IkpXVCJ9.eyJ1c2VyVVVJRCI6IjcwZDhhNDk4LWQwMjQtNGEwZS04MzhjLTJhZTk1NGMyYmZlNiIsInVzZXJFbWFpbCI6ImpvaG5kb2VAZXhhbXBsZS5jb20iLCJpYXQiOjE3MDc1NzkxMTksImV4cCI6MTcxOTY3NTExOX0._Um7bQbvNlZlUZ60FbpP8vgw23K0ewEHTgDVPBo02Tg'
      },
      method: 'POST',
      httpVersion: '1.1',
      originalUrl: '/api/login',
      query: {}
    },
    res: { statusCode: 200 },
    responseTime: 91
  },
  level: 'info',
  message: 'HTTP POST /api/login',
  timestamp: '2024-02-10T15:35:04.329Z'
}
{
  meta: {
    req: {
      url: '/api/profile',
      headers: {
        'x-api-key': '15bcec08-1c4f-4c37-8f02-85abbd16e0a8',
        authorization: 'Bearer eyJhbGciOiJIUzI1NiIsInR5cCI6IkpXVCJ9.eyJ1c2VyVVVJRCI6IjcwZDhhNDk4LWQwMjQtNGEwZS04MzhjLTJhZTk1NGMyYmZlNiIsInVzZXJFbWFpbCI6ImpvaG5kb2VAZXhhbXBsZS5jb20iLCJpYXQiOjE3MDc1NzkzMDQsImV4cCI6MTcwNzU4MDUwNH0.TbDXA1HYgTglXHQmyeA4sh2zlYqhKZ1aJFN-eSwYhMI',
        'user-agent': 'PostmanRuntime/7.35.0',
        accept: '*/*',
        'cache-control': 'no-cache',
        'postman-token': '03ca85ef-d3bf-4cf2-ab75-8773c8b8b07b',
        host: 'localhost:3000',
        'accept-encoding': 'gzip, deflate, br',
        connection: 'keep-alive',
        cookie: 'refreshToken=eyJhbGciOiJIUzI1NiIsInR5cCI6IkpXVCJ9.eyJ1c2VyVVVJRCI6IjcwZDhhNDk4LWQwMjQtNGEwZS04MzhjLTJhZTk1NGMyYmZlNiIsInVzZXJFbWFpbCI6ImpvaG5kb2VAZXhhbXBsZS5jb20iLCJpYXQiOjE3MDc1NzkzMDQsImV4cCI6MTcxOTY3NTMwNH0.Wl0F32UZdsa5XgDPD4p39kpgZlHfbMASZros7Xdn3Dc'
      },
      method: 'GET',
      httpVersion: '1.1',
      originalUrl: '/api/profile',
      query: {}
    },
    res: { statusCode: 200 },
    responseTime: 8
  },
  level: 'info',
  message: 'HTTP GET /api/profile',
  timestamp: '2024-02-10T15:36:04.251Z'
}
{
  meta: {
    req: {
      url: '/api/register',
      headers: {
        'user-agent': 'PostmanRuntime/7.35.0',
        accept: '*/*',
        'cache-control': 'no-cache',
        'postman-token': '533545c2-ed2c-426f-9670-0cf4961b4637',
        host: 'localhost:3000',
        'accept-encoding': 'gzip, deflate, br',
        connection: 'keep-alive',
        'content-type': 'application/x-www-form-urlencoded',
        'content-length': '77',
        cookie: 'refreshToken=eyJhbGciOiJIUzI1NiIsInR5cCI6IkpXVCJ9.eyJ1c2VyVVVJRCI6IjcwZDhhNDk4LWQwMjQtNGEwZS04MzhjLTJhZTk1NGMyYmZlNiIsInVzZXJFbWFpbCI6ImpvaG5kb2VAZXhhbXBsZS5jb20iLCJpYXQiOjE3MDc1NzkzMDQsImV4cCI6MTcxOTY3NTMwNH0.Wl0F32UZdsa5XgDPD4p39kpgZlHfbMASZros7Xdn3Dc'
      },
      method: 'POST',
      httpVersion: '1.1',
      originalUrl: '/api/register',
      query: {}
    },
    res: { statusCode: 200 },
    responseTime: 65
  },
  level: 'info',
  message: 'HTTP POST /api/register',
  timestamp: '2024-02-10T15:39:08.949Z'
}
{
  meta: {
    req: {
      url: '/api/login',
      headers: {
        'user-agent': 'PostmanRuntime/7.35.0',
        accept: '*/*',
        'cache-control': 'no-cache',
        'postman-token': '0cecf66d-aeb9-4344-ae95-d7d7f6b1a334',
        host: 'localhost:3000',
        'accept-encoding': 'gzip, deflate, br',
        connection: 'keep-alive',
        'content-type': 'application/x-www-form-urlencoded',
        'content-length': '45',
        cookie: 'refreshToken=eyJhbGciOiJIUzI1NiIsInR5cCI6IkpXVCJ9.eyJ1c2VyVVVJRCI6IjcwZDhhNDk4LWQwMjQtNGEwZS04MzhjLTJhZTk1NGMyYmZlNiIsInVzZXJFbWFpbCI6ImpvaG5kb2VAZXhhbXBsZS5jb20iLCJpYXQiOjE3MDc1NzkzMDQsImV4cCI6MTcxOTY3NTMwNH0.Wl0F32UZdsa5XgDPD4p39kpgZlHfbMASZros7Xdn3Dc'
      },
      method: 'POST',
      httpVersion: '1.1',
      originalUrl: '/api/login',
      query: {}
    },
    res: { statusCode: 200 },
    responseTime: 77
  },
  level: 'info',
  message: 'HTTP POST /api/login',
  timestamp: '2024-02-10T15:39:12.822Z'
}
{
  meta: {
    req: {
      url: '/api/profile',
      headers: {
        'x-api-key': '15bcec08-1c4f-4c37-8f02-85abbd16e0a8',
        authorization: 'Bearer eyJhbGciOiJIUzI1NiIsInR5cCI6IkpXVCJ9.eyJ1c2VyRW1haWwiOiJqb2huZG9lQGV4YW1wbGUuY29tIiwiaWF0IjoxNzA3NTc5NTUyLCJleHAiOjE3MDc1ODA3NTJ9.O0xWkh14Ox13IocyxcBxdcw5brnuiKK6gCIsEJ4S1cg',
        'user-agent': 'PostmanRuntime/7.35.0',
        accept: '*/*',
        'cache-control': 'no-cache',
        'postman-token': '1e8e95cd-4b42-43fd-a393-f92b47b72d48',
        host: 'localhost:3000',
        'accept-encoding': 'gzip, deflate, br',
        connection: 'keep-alive',
        cookie: 'refreshToken=eyJhbGciOiJIUzI1NiIsInR5cCI6IkpXVCJ9.eyJ1c2VyRW1haWwiOiJqb2huZG9lQGV4YW1wbGUuY29tIiwiaWF0IjoxNzA3NTc5NTUyLCJleHAiOjE3MTk2NzU1NTJ9.10ztKhlz28NkiG0B4cbEmkBGtM33dia1uN6rTbtaIZ0'
      },
      method: 'GET',
      httpVersion: '1.1',
      originalUrl: '/api/profile',
      query: {}
    },
    res: { statusCode: 200 },
    responseTime: 4
  },
  level: 'info',
  message: 'HTTP GET /api/profile',
  timestamp: '2024-02-10T15:39:24.391Z'
}
{
  meta: {
    req: {
      url: '/api/login',
      headers: {
        'user-agent': 'PostmanRuntime/7.35.0',
        accept: '*/*',
        'cache-control': 'no-cache',
        'postman-token': '2d32994d-ed82-457c-9c2d-0c3e869f056f',
        host: 'localhost:3000',
        'accept-encoding': 'gzip, deflate, br',
        connection: 'keep-alive',
        'content-type': 'application/x-www-form-urlencoded',
        'content-length': '44',
        cookie: 'refreshToken=eyJhbGciOiJIUzI1NiIsInR5cCI6IkpXVCJ9.eyJ1c2VyRW1haWwiOiJqb2huZG9lQGV4YW1wbGUuY29tIiwiaWF0IjoxNzA3NTc5NTUyLCJleHAiOjE3MTk2NzU1NTJ9.10ztKhlz28NkiG0B4cbEmkBGtM33dia1uN6rTbtaIZ0'
      },
      method: 'POST',
      httpVersion: '1.1',
      originalUrl: '/api/login',
      query: {}
    },
    res: { statusCode: 200 },
    responseTime: 94
  },
  level: 'info',
  message: 'HTTP POST /api/login',
  timestamp: '2024-02-10T15:39:43.295Z'
}
{
  meta: {
    req: {
      url: '/api/profile',
      headers: {
        'x-api-key': '15bcec08-1c4f-4c37-8f02-85abbd16e0a8',
        authorization: 'Bearer eyJhbGciOiJIUzI1NiIsInR5cCI6IkpXVCJ9.eyJ1c2VyRW1haWwiOiJqb2huZG9lQGV4YW1wbGUuY29tIiwiaWF0IjoxNzA3NTc5NTUyLCJleHAiOjE3MDc1ODA3NTJ9.O0xWkh14Ox13IocyxcBxdcw5brnuiKK6gCIsEJ4S1cg',
        'user-agent': 'PostmanRuntime/7.35.0',
        accept: '*/*',
        'cache-control': 'no-cache',
        'postman-token': 'b04f56ef-1831-457a-899f-677f0a6d0236',
        host: 'localhost:3000',
        'accept-encoding': 'gzip, deflate, br',
        connection: 'keep-alive',
        cookie: 'refreshToken=eyJhbGciOiJIUzI1NiIsInR5cCI6IkpXVCJ9.eyJ1c2VyRW1haWwiOiJqb2huZG9lQGV4YW1wbGUuY29tIiwiaWF0IjoxNzA3NTc5NTUyLCJleHAiOjE3MTk2NzU1NTJ9.10ztKhlz28NkiG0B4cbEmkBGtM33dia1uN6rTbtaIZ0'
      },
      method: 'GET',
      httpVersion: '1.1',
      originalUrl: '/api/profile',
      query: {}
    },
    res: { statusCode: 200 },
    responseTime: 1
  },
  level: 'info',
  message: 'HTTP GET /api/profile',
  timestamp: '2024-02-10T15:40:08.667Z'
}
{
  meta: {
    req: {
      url: '/api/profile',
      headers: {
        'x-api-key': '15bcec08-1c4f-4c37-8f02-85abbd16e0a8',
        authorization: 'Bearer eyJhbGciOiJIUzI1NiIsInR5cCI6IkpXVCJ9.eyJ1c2VyRW1haWwiOiJqb2huZG9lQGV4YW1wbGUuY29tIiwiaWF0IjoxNzA3NTc5NTUyLCJleHAiOjE3MDc1ODA3NTJ9.O0xWkh14Ox13IocyxcBxdcw5brnuiKK6gCIsEJ4S1cg',
        'user-agent': 'PostmanRuntime/7.35.0',
        accept: '*/*',
        'cache-control': 'no-cache',
        'postman-token': '7d7992e1-af0c-415c-b04d-f88d9a3183de',
        host: 'localhost:3000',
        'accept-encoding': 'gzip, deflate, br',
        connection: 'keep-alive',
        cookie: 'refreshToken=eyJhbGciOiJIUzI1NiIsInR5cCI6IkpXVCJ9.eyJ1c2VyRW1haWwiOiJqb2huZG9lQGV4YW1wbGUuY29tIiwiaWF0IjoxNzA3NTc5NTUyLCJleHAiOjE3MTk2NzU1NTJ9.10ztKhlz28NkiG0B4cbEmkBGtM33dia1uN6rTbtaIZ0'
      },
      method: 'GET',
      httpVersion: '1.1',
      originalUrl: '/api/profile',
      query: {}
    },
    res: { statusCode: 200 },
    responseTime: 11
  },
  level: 'info',
  message: 'HTTP GET /api/profile',
  timestamp: '2024-02-10T15:40:16.302Z'
}
{
  meta: {
    req: {
      url: '/api/profile',
      headers: {
        'x-api-key': '15bcec08-1c4f-4c37-8f02-85abbd16e0a8',
        authorization: 'Bearer eyJhbGciOiJIUzI1NiIsInR5cCI6IkpXVCJ9.eyJ1c2VyRW1haWwiOiJqb2huZG9lQGV4YW1wbGUuY29tIiwiaWF0IjoxNzA3NTc5NTUyLCJleHAiOjE3MDc1ODA3NTJ9.O0xWkh14Ox13IocyxcBxdcw5brnuiKK6gCIsEJ4S1cg',
        'user-agent': 'PostmanRuntime/7.35.0',
        accept: '*/*',
        'cache-control': 'no-cache',
        'postman-token': '7beef6dc-464b-4131-beac-1ab6ed42888f',
        host: 'localhost:3000',
        'accept-encoding': 'gzip, deflate, br',
        connection: 'keep-alive',
        cookie: 'refreshToken=eyJhbGciOiJIUzI1NiIsInR5cCI6IkpXVCJ9.eyJ1c2VyRW1haWwiOiJqb2huZG9lQGV4YW1wbGUuY29tIiwiaWF0IjoxNzA3NTc5NTUyLCJleHAiOjE3MTk2NzU1NTJ9.10ztKhlz28NkiG0B4cbEmkBGtM33dia1uN6rTbtaIZ0'
      },
      method: 'GET',
      httpVersion: '1.1',
      originalUrl: '/api/profile',
      query: {}
    },
    res: { statusCode: 200 },
    responseTime: 10
  },
  level: 'info',
  message: 'HTTP GET /api/profile',
  timestamp: '2024-02-10T15:44:11.421Z'
}
{
  meta: {
    req: {
      url: '/api/login',
      headers: {
        'user-agent': 'PostmanRuntime/7.35.0',
        accept: '*/*',
        'cache-control': 'no-cache',
        'postman-token': 'd9469614-a0d1-4d67-9e01-ceff2eabb1a3',
        host: 'localhost:3000',
        'accept-encoding': 'gzip, deflate, br',
        connection: 'keep-alive',
        'content-type': 'application/x-www-form-urlencoded',
        'content-length': '45',
        cookie: 'refreshToken=eyJhbGciOiJIUzI1NiIsInR5cCI6IkpXVCJ9.eyJ1c2VyRW1haWwiOiJqb2huZG9lQGV4YW1wbGUuY29tIiwiaWF0IjoxNzA3NTc5NTUyLCJleHAiOjE3MTk2NzU1NTJ9.10ztKhlz28NkiG0B4cbEmkBGtM33dia1uN6rTbtaIZ0'
      },
      method: 'POST',
      httpVersion: '1.1',
      originalUrl: '/api/login',
      query: {}
    },
    res: { statusCode: 200 },
    responseTime: 101
  },
  level: 'info',
  message: 'HTTP POST /api/login',
  timestamp: '2024-02-10T15:45:01.083Z'
}
{
  meta: {
    req: {
      url: '/api/profile',
      headers: {
        'x-api-key': '15bcec08-1c4f-4c37-8f02-85abbd16e0a8',
        authorization: 'Bearer eyJhbGciOiJIUzI1NiIsInR5cCI6IkpXVCJ9.eyJ1c2VyVVVJRCI6Ijc5NTJmOWQyLTNhOTQtNDY1NC1hYjdmLTA1YjgyNmE2YjkwOCIsInVzZXJFbWFpbCI6ImpvaG5kb2VAZXhhbXBsZS5jb20iLCJpYXQiOjE3MDc1Nzk5MDEsImV4cCI6MTcwNzU4MTEwMX0.y5ful6_0LBB1pBTMg6PUw33mlvXQVTT9FT4mJI9RBUw',
        'user-agent': 'PostmanRuntime/7.35.0',
        accept: '*/*',
        'cache-control': 'no-cache',
        'postman-token': '6270a927-bd23-4326-96c4-99186fdd2090',
        host: 'localhost:3000',
        'accept-encoding': 'gzip, deflate, br',
        connection: 'keep-alive',
        cookie: 'refreshToken=eyJhbGciOiJIUzI1NiIsInR5cCI6IkpXVCJ9.eyJ1c2VyVVVJRCI6Ijc5NTJmOWQyLTNhOTQtNDY1NC1hYjdmLTA1YjgyNmE2YjkwOCIsInVzZXJFbWFpbCI6ImpvaG5kb2VAZXhhbXBsZS5jb20iLCJpYXQiOjE3MDc1Nzk5MDEsImV4cCI6MTcxOTY3NTkwMX0.1oeUkNrfR704TjHtaQ2lv7a1elm7Wrw-Ti9S7Fgi8yw'
      },
      method: 'GET',
      httpVersion: '1.1',
      originalUrl: '/api/profile',
      query: {}
    },
    res: { statusCode: 200 },
    responseTime: 2
  },
  level: 'info',
  message: 'HTTP GET /api/profile',
  timestamp: '2024-02-10T15:47:00.336Z'
}
{
  meta: {
    req: {
      url: '/api/profile',
      headers: {
        'x-api-key': '15bcec08-1c4f-4c37-8f02-85abbd16e0a8',
        authorization: 'Bearer eyJhbGciOiJIUzI1NiIsInR5cCI6IkpXVCJ9.eyJ1c2VyVVVJRCI6Ijc5NTJmOWQyLTNhOTQtNDY1NC1hYjdmLTA1YjgyNmE2YjkwOCIsInVzZXJFbWFpbCI6ImpvaG5kb2VAZXhhbXBsZS5jb20iLCJpYXQiOjE3MDc1Nzk5MDEsImV4cCI6MTcwNzU4MTEwMX0.y5ful6_0LBB1pBTMg6PUw33mlvXQVTT9FT4mJI9RBUw',
        'user-agent': 'PostmanRuntime/7.35.0',
        accept: '*/*',
        'cache-control': 'no-cache',
        'postman-token': '0c0b4ef6-1ca1-4ef1-baa1-3e7547d5127c',
        host: 'localhost:3000',
        'accept-encoding': 'gzip, deflate, br',
        connection: 'keep-alive',
        cookie: 'refreshToken=eyJhbGciOiJIUzI1NiIsInR5cCI6IkpXVCJ9.eyJ1c2VyVVVJRCI6Ijc5NTJmOWQyLTNhOTQtNDY1NC1hYjdmLTA1YjgyNmE2YjkwOCIsInVzZXJFbWFpbCI6ImpvaG5kb2VAZXhhbXBsZS5jb20iLCJpYXQiOjE3MDc1Nzk5MDEsImV4cCI6MTcxOTY3NTkwMX0.1oeUkNrfR704TjHtaQ2lv7a1elm7Wrw-Ti9S7Fgi8yw'
      },
      method: 'GET',
      httpVersion: '1.1',
      originalUrl: '/api/profile',
      query: {}
    },
    res: { statusCode: 200 },
    responseTime: 1
  },
  level: 'info',
  message: 'HTTP GET /api/profile',
  timestamp: '2024-02-10T15:47:01.409Z'
}
{
  meta: {
    req: {
      url: '/api/profile',
      headers: {
        'x-api-key': '15bcec08-1c4f-4c37-8f02-85abbd16e0a8',
        authorization: 'Bearer eyJhbGciOiJIUzI1NiIsInR5cCI6IkpXVCJ9.eyJ1c2VyVVVJRCI6Ijc5NTJmOWQyLTNhOTQtNDY1NC1hYjdmLTA1YjgyNmE2YjkwOCIsInVzZXJFbWFpbCI6ImpvaG5kb2VAZXhhbXBsZS5jb20iLCJpYXQiOjE3MDc1Nzk5MDEsImV4cCI6MTcwNzU4MTEwMX0.y5ful6_0LBB1pBTMg6PUw33mlvXQVTT9FT4mJI9RBUw',
        'user-agent': 'PostmanRuntime/7.35.0',
        accept: '*/*',
        'cache-control': 'no-cache',
        'postman-token': '83dc4a6a-f839-4b9b-8429-7d48575742fb',
        host: 'localhost:3000',
        'accept-encoding': 'gzip, deflate, br',
        connection: 'keep-alive',
        cookie: 'refreshToken=eyJhbGciOiJIUzI1NiIsInR5cCI6IkpXVCJ9.eyJ1c2VyVVVJRCI6Ijc5NTJmOWQyLTNhOTQtNDY1NC1hYjdmLTA1YjgyNmE2YjkwOCIsInVzZXJFbWFpbCI6ImpvaG5kb2VAZXhhbXBsZS5jb20iLCJpYXQiOjE3MDc1Nzk5MDEsImV4cCI6MTcxOTY3NTkwMX0.1oeUkNrfR704TjHtaQ2lv7a1elm7Wrw-Ti9S7Fgi8yw'
      },
      method: 'GET',
      httpVersion: '1.1',
      originalUrl: '/api/profile',
      query: {}
    },
    res: { statusCode: 200 },
    responseTime: 1
  },
  level: 'info',
  message: 'HTTP GET /api/profile',
  timestamp: '2024-02-10T15:49:08.649Z'
}
{
  meta: {
    req: {
      url: '/api/profile',
      headers: {
        'x-api-key': '15bcec08-1c4f-4c37-8f02-85abbd16e0a8',
        authorization: 'Bearer eyJhbGciOiJIUzI1NiIsInR5cCI6IkpXVCJ9.eyJ1c2VyVVVJRCI6Ijc5NTJmOWQyLTNhOTQtNDY1NC1hYjdmLTA1YjgyNmE2YjkwOCIsInVzZXJFbWFpbCI6ImpvaG5kb2VAZXhhbXBsZS5jb20iLCJpYXQiOjE3MDc1Nzk5MDEsImV4cCI6MTcwNzU4MTEwMX0.y5ful6_0LBB1pBTMg6PUw33mlvXQVTT9FT4mJI9RBUw',
        'user-agent': 'PostmanRuntime/7.35.0',
        accept: '*/*',
        'cache-control': 'no-cache',
        'postman-token': 'f32600f8-e31a-43d4-87bc-276125d9b95d',
        host: 'localhost:3000',
        'accept-encoding': 'gzip, deflate, br',
        connection: 'keep-alive',
        cookie: 'refreshToken=eyJhbGciOiJIUzI1NiIsInR5cCI6IkpXVCJ9.eyJ1c2VyVVVJRCI6Ijc5NTJmOWQyLTNhOTQtNDY1NC1hYjdmLTA1YjgyNmE2YjkwOCIsInVzZXJFbWFpbCI6ImpvaG5kb2VAZXhhbXBsZS5jb20iLCJpYXQiOjE3MDc1Nzk5MDEsImV4cCI6MTcxOTY3NTkwMX0.1oeUkNrfR704TjHtaQ2lv7a1elm7Wrw-Ti9S7Fgi8yw'
      },
      method: 'GET',
      httpVersion: '1.1',
      originalUrl: '/api/profile',
      query: {}
    },
    res: { statusCode: 200 },
    responseTime: 5
  },
  level: 'info',
  message: 'HTTP GET /api/profile',
  timestamp: '2024-02-10T15:49:56.958Z'
}
{
  meta: {
    req: {
      url: '/api/profile',
      headers: {
        'x-api-key': '15bcec08-1c4f-4c37-8f02-85abbd16e0a8',
        authorization: 'Bearer eyJhbGciOiJIUzI1NiIsInR5cCI6IkpXVCJ9.eyJ1c2VyVVVJRCI6Ijc5NTJmOWQyLTNhOTQtNDY1NC1hYjdmLTA1YjgyNmE2YjkwOCIsInVzZXJFbWFpbCI6ImpvaG5kb2VAZXhhbXBsZS5jb20iLCJpYXQiOjE3MDc1Nzk5MDEsImV4cCI6MTcwNzU4MTEwMX0.y5ful6_0LBB1pBTMg6PUw33mlvXQVTT9FT4mJI9RBUw',
        'user-agent': 'PostmanRuntime/7.35.0',
        accept: '*/*',
        'cache-control': 'no-cache',
        'postman-token': '5f51662b-3198-4337-960c-0f1423646b00',
        host: 'localhost:3000',
        'accept-encoding': 'gzip, deflate, br',
        connection: 'keep-alive',
        cookie: 'refreshToken=eyJhbGciOiJIUzI1NiIsInR5cCI6IkpXVCJ9.eyJ1c2VyVVVJRCI6Ijc5NTJmOWQyLTNhOTQtNDY1NC1hYjdmLTA1YjgyNmE2YjkwOCIsInVzZXJFbWFpbCI6ImpvaG5kb2VAZXhhbXBsZS5jb20iLCJpYXQiOjE3MDc1Nzk5MDEsImV4cCI6MTcxOTY3NTkwMX0.1oeUkNrfR704TjHtaQ2lv7a1elm7Wrw-Ti9S7Fgi8yw'
      },
      method: 'GET',
      httpVersion: '1.1',
      originalUrl: '/api/profile',
      query: {}
    },
    res: { statusCode: 500 },
    responseTime: 3
  },
  level: 'error',
  message: 'HTTP GET /api/profile',
  timestamp: '2024-02-10T15:53:30.713Z'
}
{
  meta: {
    req: {
      url: '/api/login',
      headers: {
        'user-agent': 'PostmanRuntime/7.35.0',
        accept: '*/*',
        'cache-control': 'no-cache',
        'postman-token': 'dc9c466d-a3b5-448a-b90d-a654652056ed',
        host: 'localhost:3000',
        'accept-encoding': 'gzip, deflate, br',
        connection: 'keep-alive',
        'content-type': 'application/x-www-form-urlencoded',
        'content-length': '45',
        cookie: 'refreshToken=eyJhbGciOiJIUzI1NiIsInR5cCI6IkpXVCJ9.eyJ1c2VyVVVJRCI6Ijc5NTJmOWQyLTNhOTQtNDY1NC1hYjdmLTA1YjgyNmE2YjkwOCIsInVzZXJFbWFpbCI6ImpvaG5kb2VAZXhhbXBsZS5jb20iLCJpYXQiOjE3MDc1Nzk5MDEsImV4cCI6MTcxOTY3NTkwMX0.1oeUkNrfR704TjHtaQ2lv7a1elm7Wrw-Ti9S7Fgi8yw'
      },
      method: 'POST',
      httpVersion: '1.1',
      originalUrl: '/api/login',
      query: {}
    },
    res: { statusCode: 200 },
    responseTime: 112
  },
  level: 'info',
  message: 'HTTP POST /api/login',
  timestamp: '2024-02-10T15:54:55.728Z'
}
{
  meta: {
    req: {
      url: '/api/profile',
      headers: {
        'x-api-key': '15bcec08-1c4f-4c37-8f02-85abbd16e0a8',
        authorization: 'Bearer eyJhbGciOiJIUzI1NiIsInR5cCI6IkpXVCJ9.eyJ1c2VyVVVJRCI6Ijc5NTJmOWQyLTNhOTQtNDY1NC1hYjdmLTA1YjgyNmE2YjkwOCIsInVzZXJFbWFpbCI6ImpvaG5kb2VAZXhhbXBsZS5jb20iLCJpYXQiOjE3MDc1ODA0OTUsImV4cCI6MTcwNzU4MTY5NX0.hkDcXKMM4v5tyx0R10PZ6uHL4S2cEjbc0iOhxhqXQNI',
        'user-agent': 'PostmanRuntime/7.35.0',
        accept: '*/*',
        'cache-control': 'no-cache',
        'postman-token': 'f8f66b6c-d627-45fb-9efc-27c854f7cec0',
        host: 'localhost:3000',
        'accept-encoding': 'gzip, deflate, br',
        connection: 'keep-alive',
        cookie: 'refreshToken=eyJhbGciOiJIUzI1NiIsInR5cCI6IkpXVCJ9.eyJ1c2VyVVVJRCI6Ijc5NTJmOWQyLTNhOTQtNDY1NC1hYjdmLTA1YjgyNmE2YjkwOCIsInVzZXJFbWFpbCI6ImpvaG5kb2VAZXhhbXBsZS5jb20iLCJpYXQiOjE3MDc1ODA0OTUsImV4cCI6MTcxOTY3NjQ5NX0.FHWChLnLhhvKkd08tXTUnG83vNOg6tOdJ2dHfT_Lp_0'
      },
      method: 'GET',
      httpVersion: '1.1',
      originalUrl: '/api/profile',
      query: {}
    },
    res: { statusCode: 500 },
    responseTime: 0
  },
  level: 'error',
  message: 'HTTP GET /api/profile',
  timestamp: '2024-02-10T15:55:05.253Z'
}
{
  meta: {
    req: {
      url: '/api/profile',
      headers: {
        'x-api-key': '15bcec08-1c4f-4c37-8f02-85abbd16e0a8',
        authorization: 'Bearer eyJhbGciOiJIUzI1NiIsInR5cCI6IkpXVCJ9.eyJ1c2VyVVVJRCI6Ijc5NTJmOWQyLTNhOTQtNDY1NC1hYjdmLTA1YjgyNmE2YjkwOCIsInVzZXJFbWFpbCI6ImpvaG5kb2VAZXhhbXBsZS5jb20iLCJpYXQiOjE3MDc1ODA0OTUsImV4cCI6MTcwNzU4MTY5NX0.hkDcXKMM4v5tyx0R10PZ6uHL4S2cEjbc0iOhxhqXQNI',
        'user-agent': 'PostmanRuntime/7.35.0',
        accept: '*/*',
        'cache-control': 'no-cache',
        'postman-token': '891834d8-4299-402e-bbd2-a2b5eee35264',
        host: 'localhost:3000',
        'accept-encoding': 'gzip, deflate, br',
        connection: 'keep-alive',
        cookie: 'refreshToken=eyJhbGciOiJIUzI1NiIsInR5cCI6IkpXVCJ9.eyJ1c2VyVVVJRCI6Ijc5NTJmOWQyLTNhOTQtNDY1NC1hYjdmLTA1YjgyNmE2YjkwOCIsInVzZXJFbWFpbCI6ImpvaG5kb2VAZXhhbXBsZS5jb20iLCJpYXQiOjE3MDc1ODA0OTUsImV4cCI6MTcxOTY3NjQ5NX0.FHWChLnLhhvKkd08tXTUnG83vNOg6tOdJ2dHfT_Lp_0'
      },
      method: 'GET',
      httpVersion: '1.1',
      originalUrl: '/api/profile',
      query: {}
    },
    res: { statusCode: 500 },
    responseTime: 4
  },
  level: 'error',
  message: 'HTTP GET /api/profile',
  timestamp: '2024-02-10T15:57:17.343Z'
}
{
  meta: {
    req: {
      url: '/api/profile',
      headers: {
        'x-api-key': '15bcec08-1c4f-4c37-8f02-85abbd16e0a8',
        authorization: 'Bearer eyJhbGciOiJIUzI1NiIsInR5cCI6IkpXVCJ9.eyJ1c2VyVVVJRCI6Ijc5NTJmOWQyLTNhOTQtNDY1NC1hYjdmLTA1YjgyNmE2YjkwOCIsInVzZXJFbWFpbCI6ImpvaG5kb2VAZXhhbXBsZS5jb20iLCJpYXQiOjE3MDc1ODA0OTUsImV4cCI6MTcwNzU4MTY5NX0.hkDcXKMM4v5tyx0R10PZ6uHL4S2cEjbc0iOhxhqXQNI',
        'user-agent': 'PostmanRuntime/7.35.0',
        accept: '*/*',
        'cache-control': 'no-cache',
        'postman-token': 'a5321225-3854-489b-8d0b-1b36159229db',
        host: 'localhost:3000',
        'accept-encoding': 'gzip, deflate, br',
        connection: 'keep-alive',
        cookie: 'refreshToken=eyJhbGciOiJIUzI1NiIsInR5cCI6IkpXVCJ9.eyJ1c2VyVVVJRCI6Ijc5NTJmOWQyLTNhOTQtNDY1NC1hYjdmLTA1YjgyNmE2YjkwOCIsInVzZXJFbWFpbCI6ImpvaG5kb2VAZXhhbXBsZS5jb20iLCJpYXQiOjE3MDc1ODA0OTUsImV4cCI6MTcxOTY3NjQ5NX0.FHWChLnLhhvKkd08tXTUnG83vNOg6tOdJ2dHfT_Lp_0'
      },
      method: 'GET',
      httpVersion: '1.1',
      originalUrl: '/api/profile',
      query: {}
    },
    res: { statusCode: 500 },
    responseTime: 4
  },
  level: 'error',
  message: 'HTTP GET /api/profile',
  timestamp: '2024-02-10T16:00:28.284Z'
}
{
  meta: {
    req: {
      url: '/api/profile',
      headers: {
        'x-api-key': '15bcec08-1c4f-4c37-8f02-85abbd16e0a8',
        authorization: 'Bearer eyJhbGciOiJIUzI1NiIsInR5cCI6IkpXVCJ9.eyJ1c2VyVVVJRCI6Ijc5NTJmOWQyLTNhOTQtNDY1NC1hYjdmLTA1YjgyNmE2YjkwOCIsInVzZXJFbWFpbCI6ImpvaG5kb2VAZXhhbXBsZS5jb20iLCJpYXQiOjE3MDc1ODA0OTUsImV4cCI6MTcwNzU4MTY5NX0.hkDcXKMM4v5tyx0R10PZ6uHL4S2cEjbc0iOhxhqXQNI',
        'user-agent': 'PostmanRuntime/7.35.0',
        accept: '*/*',
        'cache-control': 'no-cache',
        'postman-token': 'e138b6ec-e723-451d-8991-f28e9a10ac15',
        host: 'localhost:3000',
        'accept-encoding': 'gzip, deflate, br',
        connection: 'keep-alive',
        cookie: 'refreshToken=eyJhbGciOiJIUzI1NiIsInR5cCI6IkpXVCJ9.eyJ1c2VyVVVJRCI6Ijc5NTJmOWQyLTNhOTQtNDY1NC1hYjdmLTA1YjgyNmE2YjkwOCIsInVzZXJFbWFpbCI6ImpvaG5kb2VAZXhhbXBsZS5jb20iLCJpYXQiOjE3MDc1ODA0OTUsImV4cCI6MTcxOTY3NjQ5NX0.FHWChLnLhhvKkd08tXTUnG83vNOg6tOdJ2dHfT_Lp_0'
      },
      method: 'GET',
      httpVersion: '1.1',
      originalUrl: '/api/profile',
      query: {}
    },
    res: { statusCode: 200 },
    responseTime: 3
  },
  level: 'info',
  message: 'HTTP GET /api/profile',
  timestamp: '2024-02-10T16:01:27.276Z'
}
{
  meta: {
    req: {
      url: '/api/profile',
      headers: {
        'x-api-key': '15bcec08-1c4f-4c37-8f02-85abbd16e0a8',
        authorization: 'Bearer eyJhbGciOiJIUzI1NiIsInR5cCI6IkpXVCJ9.eyJ1c2VyVVVJRCI6Ijc5NTJmOWQyLTNhOTQtNDY1NC1hYjdmLTA1YjgyNmE2YjkwOCIsInVzZXJFbWFpbCI6ImpvaG5kb2VAZXhhbXBsZS5jb20iLCJpYXQiOjE3MDc1ODA0OTUsImV4cCI6MTcwNzU4MTY5NX0.hkDcXKMM4v5tyx0R10PZ6uHL4S2cEjbc0iOhxhqXQNI',
        'user-agent': 'PostmanRuntime/7.35.0',
        accept: '*/*',
        'cache-control': 'no-cache',
        'postman-token': '6c50721e-c8b0-41d0-8607-079ec07948c8',
        host: 'localhost:3000',
        'accept-encoding': 'gzip, deflate, br',
        connection: 'keep-alive',
        cookie: 'refreshToken=eyJhbGciOiJIUzI1NiIsInR5cCI6IkpXVCJ9.eyJ1c2VyVVVJRCI6Ijc5NTJmOWQyLTNhOTQtNDY1NC1hYjdmLTA1YjgyNmE2YjkwOCIsInVzZXJFbWFpbCI6ImpvaG5kb2VAZXhhbXBsZS5jb20iLCJpYXQiOjE3MDc1ODA0OTUsImV4cCI6MTcxOTY3NjQ5NX0.FHWChLnLhhvKkd08tXTUnG83vNOg6tOdJ2dHfT_Lp_0'
      },
      method: 'GET',
      httpVersion: '1.1',
      originalUrl: '/api/profile',
      query: {}
    },
    res: { statusCode: 200 },
    responseTime: 4
  },
  level: 'info',
  message: 'HTTP GET /api/profile',
  timestamp: '2024-02-10T16:01:45.689Z'
}
{
  meta: {
    req: {
      url: '/api/profile',
      headers: {
        'x-api-key': '15bcec08-1c4f-4c37-8f02-85abbd16e0a8',
        authorization: 'Bearer eyJhbGciOiJIUzI1NiIsInR5cCI6IkpXVCJ9.eyJ1c2VyVVVJRCI6Ijc5NTJmOWQyLTNhOTQtNDY1NC1hYjdmLTA1YjgyNmE2YjkwOCIsInVzZXJFbWFpbCI6ImpvaG5kb2VAZXhhbXBsZS5jb20iLCJpYXQiOjE3MDc1ODA0OTUsImV4cCI6MTcwNzU4MTY5NX0.hkDcXKMM4v5tyx0R10PZ6uHL4S2cEjbc0iOhxhqXQNI',
        'user-agent': 'PostmanRuntime/7.35.0',
        accept: '*/*',
        'cache-control': 'no-cache',
        'postman-token': '13a03795-7e28-4dd3-90c5-dbe297fb6092',
        host: 'localhost:3000',
        'accept-encoding': 'gzip, deflate, br',
        connection: 'keep-alive',
        cookie: 'refreshToken=eyJhbGciOiJIUzI1NiIsInR5cCI6IkpXVCJ9.eyJ1c2VyVVVJRCI6Ijc5NTJmOWQyLTNhOTQtNDY1NC1hYjdmLTA1YjgyNmE2YjkwOCIsInVzZXJFbWFpbCI6ImpvaG5kb2VAZXhhbXBsZS5jb20iLCJpYXQiOjE3MDc1ODA0OTUsImV4cCI6MTcxOTY3NjQ5NX0.FHWChLnLhhvKkd08tXTUnG83vNOg6tOdJ2dHfT_Lp_0'
      },
      method: 'GET',
      httpVersion: '1.1',
      originalUrl: '/api/profile',
      query: {}
    },
    res: { statusCode: 200 },
    responseTime: 2
  },
  level: 'info',
  message: 'HTTP GET /api/profile',
  timestamp: '2024-02-10T16:01:52.426Z'
}
{
  meta: {
    req: {
      url: '/api/profile',
      headers: {
        'x-api-key': '15bcec08-1c4f-4c37-8f02-85abbd16e0a8',
        authorization: 'Bearer eyJhbGciOiJIUzI1NiIsInR5cCI6IkpXVCJ9.eyJ1c2VyVVVJRCI6Ijc5NTJmOWQyLTNhOTQtNDY1NC1hYjdmLTA1YjgyNmE2YjkwOCIsInVzZXJFbWFpbCI6ImpvaG5kb2VAZXhhbXBsZS5jb20iLCJpYXQiOjE3MDc1ODA0OTUsImV4cCI6MTcwNzU4MTY5NX0.hkDcXKMM4v5tyx0R10PZ6uHL4S2cEjbc0iOhxhqXQNI',
        'user-agent': 'PostmanRuntime/7.35.0',
        accept: '*/*',
        'cache-control': 'no-cache',
        'postman-token': 'dc5093bc-727a-417d-a511-2cd46bc2e4e1',
        host: 'localhost:3000',
        'accept-encoding': 'gzip, deflate, br',
        connection: 'keep-alive',
        cookie: 'refreshToken=eyJhbGciOiJIUzI1NiIsInR5cCI6IkpXVCJ9.eyJ1c2VyVVVJRCI6Ijc5NTJmOWQyLTNhOTQtNDY1NC1hYjdmLTA1YjgyNmE2YjkwOCIsInVzZXJFbWFpbCI6ImpvaG5kb2VAZXhhbXBsZS5jb20iLCJpYXQiOjE3MDc1ODA0OTUsImV4cCI6MTcxOTY3NjQ5NX0.FHWChLnLhhvKkd08tXTUnG83vNOg6tOdJ2dHfT_Lp_0'
      },
      method: 'GET',
      httpVersion: '1.1',
      originalUrl: '/api/profile',
      query: {}
    },
    res: { statusCode: 500 },
    responseTime: 2
  },
  level: 'error',
  message: 'HTTP GET /api/profile',
  timestamp: '2024-02-10T16:02:01.641Z'
}
{
  meta: {
    req: {
      url: '/api/profile',
      headers: {
        'x-api-key': '15bcec08-1c4f-4c37-8f02-85abbd16e0a8',
        authorization: 'Bearer eyJhbGciOiJIUzI1NiIsInR5cCI6IkpXVCJ9.eyJ1c2VyVVVJRCI6Ijc5NTJmOWQyLTNhOTQtNDY1NC1hYjdmLTA1YjgyNmE2YjkwOCIsInVzZXJFbWFpbCI6ImpvaG5kb2VAZXhhbXBsZS5jb20iLCJpYXQiOjE3MDc1ODA0OTUsImV4cCI6MTcwNzU4MTY5NX0.hkDcXKMM4v5tyx0R10PZ6uHL4S2cEjbc0iOhxhqXQNI',
        'user-agent': 'PostmanRuntime/7.35.0',
        accept: '*/*',
        'cache-control': 'no-cache',
        'postman-token': '5c41b099-92d5-4471-ba8e-223e9aac1b20',
        host: 'localhost:3000',
        'accept-encoding': 'gzip, deflate, br',
        connection: 'keep-alive',
        cookie: 'refreshToken=eyJhbGciOiJIUzI1NiIsInR5cCI6IkpXVCJ9.eyJ1c2VyVVVJRCI6Ijc5NTJmOWQyLTNhOTQtNDY1NC1hYjdmLTA1YjgyNmE2YjkwOCIsInVzZXJFbWFpbCI6ImpvaG5kb2VAZXhhbXBsZS5jb20iLCJpYXQiOjE3MDc1ODA0OTUsImV4cCI6MTcxOTY3NjQ5NX0.FHWChLnLhhvKkd08tXTUnG83vNOg6tOdJ2dHfT_Lp_0'
      },
      method: 'GET',
      httpVersion: '1.1',
      originalUrl: '/api/profile',
      query: {}
    },
    res: { statusCode: 500 },
    responseTime: 3
  },
  level: 'error',
  message: 'HTTP GET /api/profile',
  timestamp: '2024-02-10T16:02:10.857Z'
}
{
  meta: {
    req: {
      url: '/api/profile',
      headers: {
        'x-api-key': '15bcec08-1c4f-4c37-8f02-85abbd16e0a8',
        authorization: 'Bearer eyJhbGciOiJIUzI1NiIsInR5cCI6IkpXVCJ9.eyJ1c2VyVVVJRCI6Ijc5NTJmOWQyLTNhOTQtNDY1NC1hYjdmLTA1YjgyNmE2YjkwOCIsInVzZXJFbWFpbCI6ImpvaG5kb2VAZXhhbXBsZS5jb20iLCJpYXQiOjE3MDc1ODA0OTUsImV4cCI6MTcwNzU4MTY5NX0.hkDcXKMM4v5tyx0R10PZ6uHL4S2cEjbc0iOhxhqXQNI',
        'user-agent': 'PostmanRuntime/7.35.0',
        accept: '*/*',
        'cache-control': 'no-cache',
        'postman-token': 'ba537980-36cc-44e4-b2ec-633f468fead8',
        host: 'localhost:3000',
        'accept-encoding': 'gzip, deflate, br',
        connection: 'keep-alive',
        cookie: 'refreshToken=eyJhbGciOiJIUzI1NiIsInR5cCI6IkpXVCJ9.eyJ1c2VyVVVJRCI6Ijc5NTJmOWQyLTNhOTQtNDY1NC1hYjdmLTA1YjgyNmE2YjkwOCIsInVzZXJFbWFpbCI6ImpvaG5kb2VAZXhhbXBsZS5jb20iLCJpYXQiOjE3MDc1ODA0OTUsImV4cCI6MTcxOTY3NjQ5NX0.FHWChLnLhhvKkd08tXTUnG83vNOg6tOdJ2dHfT_Lp_0'
      },
      method: 'GET',
      httpVersion: '1.1',
      originalUrl: '/api/profile',
      query: {}
    },
    res: { statusCode: 200 },
    responseTime: 2
  },
  level: 'info',
  message: 'HTTP GET /api/profile',
  timestamp: '2024-02-10T16:02:25.526Z'
}
{
  meta: {
    req: {
      url: '/api/profile',
      headers: {
        'x-api-key': '15bcec08-1c4f-4c37-8f02-85abbd16e0a8',
        authorization: 'Bearer eyJhbGciOiJIUzI1NiIsInR5cCI6IkpXVCJ9.eyJ1c2VyVVVJRCI6Ijc5NTJmOWQyLTNhOTQtNDY1NC1hYjdmLTA1YjgyNmE2YjkwOCIsInVzZXJFbWFpbCI6ImpvaG5kb2VAZXhhbXBsZS5jb20iLCJpYXQiOjE3MDc1ODA0OTUsImV4cCI6MTcwNzU4MTY5NX0.hkDcXKMM4v5tyx0R10PZ6uHL4S2cEjbc0iOhxhqXQNI',
        'user-agent': 'PostmanRuntime/7.35.0',
        accept: '*/*',
        'cache-control': 'no-cache',
        'postman-token': '7d65e004-bbc3-420e-ae8f-2dbd7a05ade6',
        host: 'localhost:3000',
        'accept-encoding': 'gzip, deflate, br',
        connection: 'keep-alive',
        cookie: 'refreshToken=eyJhbGciOiJIUzI1NiIsInR5cCI6IkpXVCJ9.eyJ1c2VyVVVJRCI6Ijc5NTJmOWQyLTNhOTQtNDY1NC1hYjdmLTA1YjgyNmE2YjkwOCIsInVzZXJFbWFpbCI6ImpvaG5kb2VAZXhhbXBsZS5jb20iLCJpYXQiOjE3MDc1ODA0OTUsImV4cCI6MTcxOTY3NjQ5NX0.FHWChLnLhhvKkd08tXTUnG83vNOg6tOdJ2dHfT_Lp_0'
      },
      method: 'GET',
      httpVersion: '1.1',
      originalUrl: '/api/profile',
      query: {}
    },
    res: { statusCode: 200 },
    responseTime: 4
  },
  level: 'info',
  message: 'HTTP GET /api/profile',
  timestamp: '2024-02-10T16:02:37.805Z'
}
{
  meta: {
    req: {
      url: '/api/profile',
      headers: {
        'x-api-key': '15bcec08-1c4f-4c37-8f02-85abbd16e0a8',
        authorization: 'Bearer eyJhbGciOiJIUzI1NiIsInR5cCI6IkpXVCJ9.eyJ1c2VyVVVJRCI6Ijc5NTJmOWQyLTNhOTQtNDY1NC1hYjdmLTA1YjgyNmE2YjkwOCIsInVzZXJFbWFpbCI6ImpvaG5kb2VAZXhhbXBsZS5jb20iLCJpYXQiOjE3MDc1ODA0OTUsImV4cCI6MTcwNzU4MTY5NX0.hkDcXKMM4v5tyx0R10PZ6uHL4S2cEjbc0iOhxhqXQNI',
        'user-agent': 'PostmanRuntime/7.35.0',
        accept: '*/*',
        'cache-control': 'no-cache',
        'postman-token': '0a029eae-4d7e-41aa-9f60-f28dce2723eb',
        host: 'localhost:3000',
        'accept-encoding': 'gzip, deflate, br',
        connection: 'keep-alive',
        cookie: 'refreshToken=eyJhbGciOiJIUzI1NiIsInR5cCI6IkpXVCJ9.eyJ1c2VyVVVJRCI6Ijc5NTJmOWQyLTNhOTQtNDY1NC1hYjdmLTA1YjgyNmE2YjkwOCIsInVzZXJFbWFpbCI6ImpvaG5kb2VAZXhhbXBsZS5jb20iLCJpYXQiOjE3MDc1ODA0OTUsImV4cCI6MTcxOTY3NjQ5NX0.FHWChLnLhhvKkd08tXTUnG83vNOg6tOdJ2dHfT_Lp_0'
      },
      method: 'GET',
      httpVersion: '1.1',
      originalUrl: '/api/profile',
      query: {}
    },
    res: { statusCode: 200 },
    responseTime: 4
  },
  level: 'info',
  message: 'HTTP GET /api/profile',
  timestamp: '2024-02-10T16:03:00.001Z'
}
{
  meta: {
    req: {
      url: '/api/profile',
      headers: {
        'x-api-key': '15bcec08-1c4f-4c37-8f02-85abbd16e0a8',
        authorization: 'Bearer eyJhbGciOiJIUzI1NiIsInR5cCI6IkpXVCJ9.eyJ1c2VyVVVJRCI6Ijc5NTJmOWQyLTNhOTQtNDY1NC1hYjdmLTA1YjgyNmE2YjkwOCIsInVzZXJFbWFpbCI6ImpvaG5kb2VAZXhhbXBsZS5jb20iLCJpYXQiOjE3MDc1ODA0OTUsImV4cCI6MTcwNzU4MTY5NX0.hkDcXKMM4v5tyx0R10PZ6uHL4S2cEjbc0iOhxhqXQNI',
        'user-agent': 'PostmanRuntime/7.35.0',
        accept: '*/*',
        'cache-control': 'no-cache',
        'postman-token': '1d724ca4-9d07-4e54-a4aa-25fc538bc04f',
        host: 'localhost:3000',
        'accept-encoding': 'gzip, deflate, br',
        connection: 'keep-alive',
        cookie: 'refreshToken=eyJhbGciOiJIUzI1NiIsInR5cCI6IkpXVCJ9.eyJ1c2VyVVVJRCI6Ijc5NTJmOWQyLTNhOTQtNDY1NC1hYjdmLTA1YjgyNmE2YjkwOCIsInVzZXJFbWFpbCI6ImpvaG5kb2VAZXhhbXBsZS5jb20iLCJpYXQiOjE3MDc1ODA0OTUsImV4cCI6MTcxOTY3NjQ5NX0.FHWChLnLhhvKkd08tXTUnG83vNOg6tOdJ2dHfT_Lp_0'
      },
      method: 'GET',
      httpVersion: '1.1',
      originalUrl: '/api/profile',
      query: {}
    },
    res: { statusCode: 200 },
    responseTime: 6
  },
  level: 'info',
  message: 'HTTP GET /api/profile',
  timestamp: '2024-02-10T16:03:07.766Z'
}
{
  meta: {
    req: {
      url: '/api/profile',
      headers: {
        'x-api-key': '15bcec08-1c4f-4c37-8f02-85abbd16e0a8',
        authorization: 'Bearer eyJhbGciOiJIUzI1NiIsInR5cCI6IkpXVCJ9.eyJ1c2VyVVVJRCI6Ijc5NTJmOWQyLTNhOTQtNDY1NC1hYjdmLTA1YjgyNmE2YjkwOCIsInVzZXJFbWFpbCI6ImpvaG5kb2VAZXhhbXBsZS5jb20iLCJpYXQiOjE3MDc1ODA0OTUsImV4cCI6MTcwNzU4MTY5NX0.hkDcXKMM4v5tyx0R10PZ6uHL4S2cEjbc0iOhxhqXQNI',
        'user-agent': 'PostmanRuntime/7.35.0',
        accept: '*/*',
        'cache-control': 'no-cache',
        'postman-token': '2e4d3ee7-ba8e-4d0b-a6c4-274163085836',
        host: 'localhost:3000',
        'accept-encoding': 'gzip, deflate, br',
        connection: 'keep-alive',
        cookie: 'refreshToken=eyJhbGciOiJIUzI1NiIsInR5cCI6IkpXVCJ9.eyJ1c2VyVVVJRCI6Ijc5NTJmOWQyLTNhOTQtNDY1NC1hYjdmLTA1YjgyNmE2YjkwOCIsInVzZXJFbWFpbCI6ImpvaG5kb2VAZXhhbXBsZS5jb20iLCJpYXQiOjE3MDc1ODA0OTUsImV4cCI6MTcxOTY3NjQ5NX0.FHWChLnLhhvKkd08tXTUnG83vNOg6tOdJ2dHfT_Lp_0'
      },
      method: 'GET',
      httpVersion: '1.1',
      originalUrl: '/api/profile',
      query: {}
    },
    res: { statusCode: 200 },
    responseTime: 5
  },
  level: 'info',
  message: 'HTTP GET /api/profile',
  timestamp: '2024-02-10T16:03:15.727Z'
}
{
  meta: {
    req: {
      url: '/api/profile',
      headers: {
        'x-api-key': '15bcec08-1c4f-4c37-8f02-85abbd16e0a8',
        authorization: 'Bearer eyJhbGciOiJIUzI1NiIsInR5cCI6IkpXVCJ9.eyJ1c2VyVVVJRCI6Ijc5NTJmOWQyLTNhOTQtNDY1NC1hYjdmLTA1YjgyNmE2YjkwOCIsInVzZXJFbWFpbCI6ImpvaG5kb2VAZXhhbXBsZS5jb20iLCJpYXQiOjE3MDc1ODA0OTUsImV4cCI6MTcwNzU4MTY5NX0.hkDcXKMM4v5tyx0R10PZ6uHL4S2cEjbc0iOhxhqXQNI',
        'user-agent': 'PostmanRuntime/7.35.0',
        accept: '*/*',
        'cache-control': 'no-cache',
        'postman-token': '76a1480f-05a3-467d-b2db-17220a29171b',
        host: 'localhost:3000',
        'accept-encoding': 'gzip, deflate, br',
        connection: 'keep-alive',
        cookie: 'refreshToken=eyJhbGciOiJIUzI1NiIsInR5cCI6IkpXVCJ9.eyJ1c2VyVVVJRCI6Ijc5NTJmOWQyLTNhOTQtNDY1NC1hYjdmLTA1YjgyNmE2YjkwOCIsInVzZXJFbWFpbCI6ImpvaG5kb2VAZXhhbXBsZS5jb20iLCJpYXQiOjE3MDc1ODA0OTUsImV4cCI6MTcxOTY3NjQ5NX0.FHWChLnLhhvKkd08tXTUnG83vNOg6tOdJ2dHfT_Lp_0'
      },
      method: 'GET',
      httpVersion: '1.1',
      originalUrl: '/api/profile',
      query: {}
    },
    res: { statusCode: 200 },
    responseTime: 14
  },
  level: 'info',
  message: 'HTTP GET /api/profile',
  timestamp: '2024-02-10T16:03:36.772Z'
}
{
  meta: {
    req: {
      url: '/api/profile',
      headers: {
        'x-api-key': '15bcec08-1c4f-4c37-8f02-85abbd16e0a8',
        authorization: 'Bearer eyJhbGciOiJIUzI1NiIsInR5cCI6IkpXVCJ9.eyJ1c2VyVVVJRCI6Ijc5NTJmOWQyLTNhOTQtNDY1NC1hYjdmLTA1YjgyNmE2YjkwOCIsInVzZXJFbWFpbCI6ImpvaG5kb2VAZXhhbXBsZS5jb20iLCJpYXQiOjE3MDc1ODA0OTUsImV4cCI6MTcwNzU4MTY5NX0.hkDcXKMM4v5tyx0R10PZ6uHL4S2cEjbc0iOhxhqXQNI',
        'user-agent': 'PostmanRuntime/7.35.0',
        accept: '*/*',
        'cache-control': 'no-cache',
        'postman-token': '31f00fd1-6a7b-481a-97f0-5014a882112f',
        host: 'localhost:3000',
        'accept-encoding': 'gzip, deflate, br',
        connection: 'keep-alive',
        cookie: 'refreshToken=eyJhbGciOiJIUzI1NiIsInR5cCI6IkpXVCJ9.eyJ1c2VyVVVJRCI6Ijc5NTJmOWQyLTNhOTQtNDY1NC1hYjdmLTA1YjgyNmE2YjkwOCIsInVzZXJFbWFpbCI6ImpvaG5kb2VAZXhhbXBsZS5jb20iLCJpYXQiOjE3MDc1ODA0OTUsImV4cCI6MTcxOTY3NjQ5NX0.FHWChLnLhhvKkd08tXTUnG83vNOg6tOdJ2dHfT_Lp_0'
      },
      method: 'GET',
      httpVersion: '1.1',
      originalUrl: '/api/profile',
      query: {}
    },
    res: { statusCode: 200 },
    responseTime: 8
  },
  level: 'info',
  message: 'HTTP GET /api/profile',
  timestamp: '2024-02-10T16:03:57.363Z'
}
{
  meta: {
    req: {
      url: '/api/profile',
      headers: {
        'x-api-key': '15bcec08-1c4f-4c37-8f02-85abbd16e0a8',
        authorization: 'Bearer 231231',
        'user-agent': 'PostmanRuntime/7.35.0',
        accept: '*/*',
        'cache-control': 'no-cache',
        'postman-token': 'd8ebdc85-5db7-41de-9c14-2f431c8c429e',
        host: 'localhost:3000',
        'accept-encoding': 'gzip, deflate, br',
        connection: 'keep-alive',
        cookie: 'refreshToken=eyJhbGciOiJIUzI1NiIsInR5cCI6IkpXVCJ9.eyJ1c2VyVVVJRCI6Ijc5NTJmOWQyLTNhOTQtNDY1NC1hYjdmLTA1YjgyNmE2YjkwOCIsInVzZXJFbWFpbCI6ImpvaG5kb2VAZXhhbXBsZS5jb20iLCJpYXQiOjE3MDc1ODA0OTUsImV4cCI6MTcxOTY3NjQ5NX0.FHWChLnLhhvKkd08tXTUnG83vNOg6tOdJ2dHfT_Lp_0'
      },
      method: 'GET',
      httpVersion: '1.1',
      originalUrl: '/api/profile',
      query: {}
    },
    res: { statusCode: 200 },
    responseTime: 2
  },
  level: 'info',
  message: 'HTTP GET /api/profile',
  timestamp: '2024-02-10T16:04:52.535Z'
}
{
  meta: {
    req: {
      url: '/api/profile',
      headers: {
        'x-api-key': '15bcec08-1c4f-4c37-8f02-85abbd16e0a8',
        authorization: 'Bearer eyJhbGciOiJIUzI1NiIsInR5cCI6IkpXVCJ9.eyJ1c2VyVVVJRCI6Ijc5NTJmOWQyLTNhOTQtNDY1NC1hYjdmLTA1YjgyNmE2YjkwOCIsInVzZXJFbWFpbCI6ImpvaG5kb2VAZXhhbXBsZS5jb20iLCJpYXQiOjE3MDc1ODA0OTUsImV4cCI6MTcwNzU4MTY5NX0.hkDcXKMM4v5tyx0R10PZ6uHL4S2cEjbc0iOhxhqXQNI',
        'user-agent': 'PostmanRuntime/7.35.0',
        accept: '*/*',
        'cache-control': 'no-cache',
        'postman-token': 'e93f7be9-4fcc-4dd5-b4fa-3871f19f4a82',
        host: 'localhost:3000',
        'accept-encoding': 'gzip, deflate, br',
        connection: 'keep-alive',
        cookie: 'refreshToken=eyJhbGciOiJIUzI1NiIsInR5cCI6IkpXVCJ9.eyJ1c2VyVVVJRCI6Ijc5NTJmOWQyLTNhOTQtNDY1NC1hYjdmLTA1YjgyNmE2YjkwOCIsInVzZXJFbWFpbCI6ImpvaG5kb2VAZXhhbXBsZS5jb20iLCJpYXQiOjE3MDc1ODA0OTUsImV4cCI6MTcxOTY3NjQ5NX0.FHWChLnLhhvKkd08tXTUnG83vNOg6tOdJ2dHfT_Lp_0'
      },
      method: 'GET',
      httpVersion: '1.1',
      originalUrl: '/api/profile',
      query: {}
    },
    res: { statusCode: 200 },
    responseTime: 23
  },
  level: 'info',
  message: 'HTTP GET /api/profile',
  timestamp: '2024-02-10T16:04:56.172Z'
}
