{
  meta: {
    req: {
      url: '/api/login',
      headers: {
        'user-agent': 'PostmanRuntime/7.35.0',
        accept: '*/*',
        'cache-control': 'no-cache',
        'postman-token': 'd0efde38-4193-4c9c-b43c-3ee30b9421d2',
        host: 'localhost:3000',
        'accept-encoding': 'gzip, deflate, br',
        connection: 'keep-alive',
        'content-type': 'multipart/form-data; boundary=--------------------------250305194516535504530856',
        'content-length': '294'
      },
      method: 'POST',
      httpVersion: '1.1',
      originalUrl: '/api/login',
      query: {}
    },
    res: { statusCode: 404 },
    responseTime: 2
  },
  level: 'warn',
  message: 'HTTP POST /api/login',
  timestamp: '2024-02-10T15:27:35.329Z'
}
{
  meta: {
    req: {
      url: '/api/login',
      headers: {
        'user-agent': 'PostmanRuntime/7.35.0',
        accept: '*/*',
        'cache-control': 'no-cache',
        'postman-token': 'b3ad280d-0a3f-496d-b2be-b23be7cb2ca4',
        host: 'localhost:3000',
        'accept-encoding': 'gzip, deflate, br',
        connection: 'keep-alive',
        'content-type': 'multipart/form-data; boundary=--------------------------142866984362874588974483',
        'content-length': '294'
      },
      method: 'POST',
      httpVersion: '1.1',
      originalUrl: '/api/login',
      query: {}
    },
    res: { statusCode: 404 },
    responseTime: 1
  },
  level: 'warn',
  message: 'HTTP POST /api/login',
  timestamp: '2024-02-10T15:27:58.367Z'
}
{
  meta: {
    req: {
      url: '/api/login',
      headers: {
        'user-agent': 'PostmanRuntime/7.35.0',
        accept: '*/*',
        'cache-control': 'no-cache',
        'postman-token': '56be5fb1-1c4b-46c1-80a7-f472f49d2913',
        host: 'localhost:3000',
        'accept-encoding': 'gzip, deflate, br',
        connection: 'keep-alive',
        'content-type': 'multipart/form-data; boundary=--------------------------209185133733630395442348',
        'content-length': '294'
      },
      method: 'POST',
      httpVersion: '1.1',
      originalUrl: '/api/login',
      query: {}
    },
    res: { statusCode: 404 },
    responseTime: 8
  },
  level: 'warn',
  message: 'HTTP POST /api/login',
  timestamp: '2024-02-10T15:27:59.485Z'
}
{
  meta: {
    req: {
      url: '/api/login',
      headers: {
        'user-agent': 'PostmanRuntime/7.35.0',
        accept: '*/*',
        'cache-control': 'no-cache',
        'postman-token': '13faff52-9278-478f-aec8-b179b13181f8',
        host: 'localhost:3000',
        'accept-encoding': 'gzip, deflate, br',
        connection: 'keep-alive',
        'content-length': '0'
      },
      method: 'POST',
      httpVersion: '1.1',
      originalUrl: '/api/login',
      query: {}
    },
    res: { statusCode: 404 },
    responseTime: 2
  },
  level: 'warn',
  message: 'HTTP POST /api/login',
  timestamp: '2024-02-10T15:28:03.974Z'
}
{
  meta: {
    req: {
      url: '/api/profile',
      headers: {
        authorization: 'Bearer eyJhbGciOiJIUzI1NiIsInR5cCI6IkpXVCJ9.eyJ1c2VyVVVJRCI6IjcwZDhhNDk4LWQwMjQtNGEwZS04MzhjLTJhZTk1NGMyYmZlNiIsInVzZXJFbWFpbCI6ImpvaG5kb2VAZXhhbXBsZS5jb20iLCJpYXQiOjE3MDc1NzkxMTksImV4cCI6MTcwNzU4MDMxOX0.czJdl9xVCHYIuXT15-OYn9Vyjtf2VyRk6u3XwlB5g80',
        'user-agent': 'PostmanRuntime/7.35.0',
        accept: '*/*',
        'cache-control': 'no-cache',
        'postman-token': '76e3e5e3-e60d-4fa2-9033-a9a541d8f0d3',
        host: 'localhost:3000',
        'accept-encoding': 'gzip, deflate, br',
        connection: 'keep-alive',
        cookie: 'refreshToken=eyJhbGciOiJIUzI1NiIsInR5cCI6IkpXVCJ9.eyJ1c2VyVVVJRCI6IjcwZDhhNDk4LWQwMjQtNGEwZS04MzhjLTJhZTk1NGMyYmZlNiIsInVzZXJFbWFpbCI6ImpvaG5kb2VAZXhhbXBsZS5jb20iLCJpYXQiOjE3MDc1NzkxMTksImV4cCI6MTcxOTY3NTExOX0._Um7bQbvNlZlUZ60FbpP8vgw23K0ewEHTgDVPBo02Tg'
      },
      method: 'GET',
      httpVersion: '1.1',
      originalUrl: '/api/profile',
      query: {}
    },
    res: { statusCode: 404 },
    responseTime: 4
  },
  level: 'warn',
  message: 'HTTP GET /api/profile',
  timestamp: '2024-02-10T15:33:58.406Z'
}
{
  meta: {
    req: {
      url: '/api/profile',
      headers: {
        'x-api-key': '15bcec08-1c4f-4c37-8f02-85abbd16e0a8',
        authorization: 'Bearer eyJhbGciOiJIUzI1NiIsInR5cCI6IkpXVCJ9.eyJ1c2VyVVVJRCI6Ijc5NTJmOWQyLTNhOTQtNDY1NC1hYjdmLTA1YjgyNmE2YjkwOCIsInVzZXJFbWFpbCI6ImpvaG5kb2VAZXhhbXBsZS5jb20iLCJpYXQiOjE3MDc1Nzk5MDEsImV4cCI6MTcwNzU4MTEwMX0.y5ful6_0LBB1pBTMg6PUw33mlvXQVTT9FT4mJI9RBUw',
        'user-agent': 'PostmanRuntime/7.35.0',
        accept: '*/*',
        'cache-control': 'no-cache',
        'postman-token': '5f51662b-3198-4337-960c-0f1423646b00',
        host: 'localhost:3000',
        'accept-encoding': 'gzip, deflate, br',
        connection: 'keep-alive',
        cookie: 'refreshToken=eyJhbGciOiJIUzI1NiIsInR5cCI6IkpXVCJ9.eyJ1c2VyVVVJRCI6Ijc5NTJmOWQyLTNhOTQtNDY1NC1hYjdmLTA1YjgyNmE2YjkwOCIsInVzZXJFbWFpbCI6ImpvaG5kb2VAZXhhbXBsZS5jb20iLCJpYXQiOjE3MDc1Nzk5MDEsImV4cCI6MTcxOTY3NTkwMX0.1oeUkNrfR704TjHtaQ2lv7a1elm7Wrw-Ti9S7Fgi8yw'
      },
      method: 'GET',
      httpVersion: '1.1',
      originalUrl: '/api/profile',
      query: {}
    },
    res: { statusCode: 500 },
    responseTime: 3
  },
  level: 'error',
  message: 'HTTP GET /api/profile',
  timestamp: '2024-02-10T15:53:30.708Z'
}
{
  meta: {
    req: {
      url: '/api/profile',
      headers: {
        'x-api-key': '15bcec08-1c4f-4c37-8f02-85abbd16e0a8',
        authorization: 'Bearer eyJhbGciOiJIUzI1NiIsInR5cCI6IkpXVCJ9.eyJ1c2VyVVVJRCI6Ijc5NTJmOWQyLTNhOTQtNDY1NC1hYjdmLTA1YjgyNmE2YjkwOCIsInVzZXJFbWFpbCI6ImpvaG5kb2VAZXhhbXBsZS5jb20iLCJpYXQiOjE3MDc1ODA0OTUsImV4cCI6MTcwNzU4MTY5NX0.hkDcXKMM4v5tyx0R10PZ6uHL4S2cEjbc0iOhxhqXQNI',
        'user-agent': 'PostmanRuntime/7.35.0',
        accept: '*/*',
        'cache-control': 'no-cache',
        'postman-token': 'f8f66b6c-d627-45fb-9efc-27c854f7cec0',
        host: 'localhost:3000',
        'accept-encoding': 'gzip, deflate, br',
        connection: 'keep-alive',
        cookie: 'refreshToken=eyJhbGciOiJIUzI1NiIsInR5cCI6IkpXVCJ9.eyJ1c2VyVVVJRCI6Ijc5NTJmOWQyLTNhOTQtNDY1NC1hYjdmLTA1YjgyNmE2YjkwOCIsInVzZXJFbWFpbCI6ImpvaG5kb2VAZXhhbXBsZS5jb20iLCJpYXQiOjE3MDc1ODA0OTUsImV4cCI6MTcxOTY3NjQ5NX0.FHWChLnLhhvKkd08tXTUnG83vNOg6tOdJ2dHfT_Lp_0'
      },
      method: 'GET',
      httpVersion: '1.1',
      originalUrl: '/api/profile',
      query: {}
    },
    res: { statusCode: 500 },
    responseTime: 0
  },
  level: 'error',
  message: 'HTTP GET /api/profile',
  timestamp: '2024-02-10T15:55:05.251Z'
}
{
  meta: {
    req: {
      url: '/api/profile',
      headers: {
        'x-api-key': '15bcec08-1c4f-4c37-8f02-85abbd16e0a8',
        authorization: 'Bearer eyJhbGciOiJIUzI1NiIsInR5cCI6IkpXVCJ9.eyJ1c2VyVVVJRCI6Ijc5NTJmOWQyLTNhOTQtNDY1NC1hYjdmLTA1YjgyNmE2YjkwOCIsInVzZXJFbWFpbCI6ImpvaG5kb2VAZXhhbXBsZS5jb20iLCJpYXQiOjE3MDc1ODA0OTUsImV4cCI6MTcwNzU4MTY5NX0.hkDcXKMM4v5tyx0R10PZ6uHL4S2cEjbc0iOhxhqXQNI',
        'user-agent': 'PostmanRuntime/7.35.0',
        accept: '*/*',
        'cache-control': 'no-cache',
        'postman-token': '891834d8-4299-402e-bbd2-a2b5eee35264',
        host: 'localhost:3000',
        'accept-encoding': 'gzip, deflate, br',
        connection: 'keep-alive',
        cookie: 'refreshToken=eyJhbGciOiJIUzI1NiIsInR5cCI6IkpXVCJ9.eyJ1c2VyVVVJRCI6Ijc5NTJmOWQyLTNhOTQtNDY1NC1hYjdmLTA1YjgyNmE2YjkwOCIsInVzZXJFbWFpbCI6ImpvaG5kb2VAZXhhbXBsZS5jb20iLCJpYXQiOjE3MDc1ODA0OTUsImV4cCI6MTcxOTY3NjQ5NX0.FHWChLnLhhvKkd08tXTUnG83vNOg6tOdJ2dHfT_Lp_0'
      },
      method: 'GET',
      httpVersion: '1.1',
      originalUrl: '/api/profile',
      query: {}
    },
    res: { statusCode: 500 },
    responseTime: 4
  },
  level: 'error',
  message: 'HTTP GET /api/profile',
  timestamp: '2024-02-10T15:57:17.339Z'
}
{
  meta: {
    req: {
      url: '/api/profile',
      headers: {
        'x-api-key': '15bcec08-1c4f-4c37-8f02-85abbd16e0a8',
        authorization: 'Bearer eyJhbGciOiJIUzI1NiIsInR5cCI6IkpXVCJ9.eyJ1c2VyVVVJRCI6Ijc5NTJmOWQyLTNhOTQtNDY1NC1hYjdmLTA1YjgyNmE2YjkwOCIsInVzZXJFbWFpbCI6ImpvaG5kb2VAZXhhbXBsZS5jb20iLCJpYXQiOjE3MDc1ODA0OTUsImV4cCI6MTcwNzU4MTY5NX0.hkDcXKMM4v5tyx0R10PZ6uHL4S2cEjbc0iOhxhqXQNI',
        'user-agent': 'PostmanRuntime/7.35.0',
        accept: '*/*',
        'cache-control': 'no-cache',
        'postman-token': 'a5321225-3854-489b-8d0b-1b36159229db',
        host: 'localhost:3000',
        'accept-encoding': 'gzip, deflate, br',
        connection: 'keep-alive',
        cookie: 'refreshToken=eyJhbGciOiJIUzI1NiIsInR5cCI6IkpXVCJ9.eyJ1c2VyVVVJRCI6Ijc5NTJmOWQyLTNhOTQtNDY1NC1hYjdmLTA1YjgyNmE2YjkwOCIsInVzZXJFbWFpbCI6ImpvaG5kb2VAZXhhbXBsZS5jb20iLCJpYXQiOjE3MDc1ODA0OTUsImV4cCI6MTcxOTY3NjQ5NX0.FHWChLnLhhvKkd08tXTUnG83vNOg6tOdJ2dHfT_Lp_0'
      },
      method: 'GET',
      httpVersion: '1.1',
      originalUrl: '/api/profile',
      query: {}
    },
    res: { statusCode: 500 },
    responseTime: 4
  },
  level: 'error',
  message: 'HTTP GET /api/profile',
  timestamp: '2024-02-10T16:00:28.282Z'
}
{
  meta: {
    req: {
      url: '/api/profile',
      headers: {
        'x-api-key': '15bcec08-1c4f-4c37-8f02-85abbd16e0a8',
        authorization: 'Bearer eyJhbGciOiJIUzI1NiIsInR5cCI6IkpXVCJ9.eyJ1c2VyVVVJRCI6Ijc5NTJmOWQyLTNhOTQtNDY1NC1hYjdmLTA1YjgyNmE2YjkwOCIsInVzZXJFbWFpbCI6ImpvaG5kb2VAZXhhbXBsZS5jb20iLCJpYXQiOjE3MDc1ODA0OTUsImV4cCI6MTcwNzU4MTY5NX0.hkDcXKMM4v5tyx0R10PZ6uHL4S2cEjbc0iOhxhqXQNI',
        'user-agent': 'PostmanRuntime/7.35.0',
        accept: '*/*',
        'cache-control': 'no-cache',
        'postman-token': 'dc5093bc-727a-417d-a511-2cd46bc2e4e1',
        host: 'localhost:3000',
        'accept-encoding': 'gzip, deflate, br',
        connection: 'keep-alive',
        cookie: 'refreshToken=eyJhbGciOiJIUzI1NiIsInR5cCI6IkpXVCJ9.eyJ1c2VyVVVJRCI6Ijc5NTJmOWQyLTNhOTQtNDY1NC1hYjdmLTA1YjgyNmE2YjkwOCIsInVzZXJFbWFpbCI6ImpvaG5kb2VAZXhhbXBsZS5jb20iLCJpYXQiOjE3MDc1ODA0OTUsImV4cCI6MTcxOTY3NjQ5NX0.FHWChLnLhhvKkd08tXTUnG83vNOg6tOdJ2dHfT_Lp_0'
      },
      method: 'GET',
      httpVersion: '1.1',
      originalUrl: '/api/profile',
      query: {}
    },
    res: { statusCode: 500 },
    responseTime: 2
  },
  level: 'error',
  message: 'HTTP GET /api/profile',
  timestamp: '2024-02-10T16:02:01.639Z'
}
{
  meta: {
    req: {
      url: '/api/profile',
      headers: {
        'x-api-key': '15bcec08-1c4f-4c37-8f02-85abbd16e0a8',
        authorization: 'Bearer eyJhbGciOiJIUzI1NiIsInR5cCI6IkpXVCJ9.eyJ1c2VyVVVJRCI6Ijc5NTJmOWQyLTNhOTQtNDY1NC1hYjdmLTA1YjgyNmE2YjkwOCIsInVzZXJFbWFpbCI6ImpvaG5kb2VAZXhhbXBsZS5jb20iLCJpYXQiOjE3MDc1ODA0OTUsImV4cCI6MTcwNzU4MTY5NX0.hkDcXKMM4v5tyx0R10PZ6uHL4S2cEjbc0iOhxhqXQNI',
        'user-agent': 'PostmanRuntime/7.35.0',
        accept: '*/*',
        'cache-control': 'no-cache',
        'postman-token': '5c41b099-92d5-4471-ba8e-223e9aac1b20',
        host: 'localhost:3000',
        'accept-encoding': 'gzip, deflate, br',
        connection: 'keep-alive',
        cookie: 'refreshToken=eyJhbGciOiJIUzI1NiIsInR5cCI6IkpXVCJ9.eyJ1c2VyVVVJRCI6Ijc5NTJmOWQyLTNhOTQtNDY1NC1hYjdmLTA1YjgyNmE2YjkwOCIsInVzZXJFbWFpbCI6ImpvaG5kb2VAZXhhbXBsZS5jb20iLCJpYXQiOjE3MDc1ODA0OTUsImV4cCI6MTcxOTY3NjQ5NX0.FHWChLnLhhvKkd08tXTUnG83vNOg6tOdJ2dHfT_Lp_0'
      },
      method: 'GET',
      httpVersion: '1.1',
      originalUrl: '/api/profile',
      query: {}
    },
    res: { statusCode: 500 },
    responseTime: 3
  },
  level: 'error',
  message: 'HTTP GET /api/profile',
  timestamp: '2024-02-10T16:02:10.853Z'
}
